2012-04-15 14:50:07 Error: [MissingControllerException] Controller class ConfigController could not be found.
#0 /home/vanderso/public_html/assando-sites/app/webroot/index.php(96): Dispatcher->dispatch(Object(CakeRequest), Object(CakeResponse))
#1 {main}
2012-04-15 14:50:19 Error: [MissingControllerException] Controller class ConfigController could not be found.
#0 /home/vanderso/public_html/assando-sites/app/webroot/index.php(96): Dispatcher->dispatch(Object(CakeRequest), Object(CakeResponse))
#1 {main}
2012-04-19 01:27:12 Error: [MissingControllerException] Controller class CssController could not be found.
#0 C:\xampp\htdocs\cake\app\webroot\index.php(96): Dispatcher->dispatch(Object(CakeRequest), Object(CakeResponse))
#1 {main}
2012-04-19 01:27:18 Error: [MissingControllerException] Controller class CssController could not be found.
#0 C:\xampp\htdocs\cake\app\webroot\index.php(96): Dispatcher->dispatch(Object(CakeRequest), Object(CakeResponse))
#1 {main}
2012-04-19 01:28:04 Error: [MissingControllerException] Controller class CssController could not be found.
#0 C:\xampp\htdocs\cake\app\webroot\index.php(96): Dispatcher->dispatch(Object(CakeRequest), Object(CakeResponse))
#1 {main}
2012-04-19 01:28:08 Error: [MissingControllerException] Controller class CssController could not be found.
#0 C:\xampp\htdocs\cake\app\webroot\index.php(96): Dispatcher->dispatch(Object(CakeRequest), Object(CakeResponse))
#1 {main}
2012-04-19 01:31:17 Error: [MissingControllerException] Controller class CssController could not be found.
#0 C:\xampp\htdocs\cake\app\webroot\index.php(96): Dispatcher->dispatch(Object(CakeRequest), Object(CakeResponse))
#1 {main}
2012-04-26 01:23:33 Error: [MissingControllerException] Controller class Inscreva-seController could not be found.
#0 C:\xampp\htdocs\cake\app\webroot\index.php(96): Dispatcher->dispatch(Object(CakeRequest), Object(CakeResponse))
#1 {main}
2012-04-26 01:24:10 Error: [MissingControllerException] Controller class InscrevaseController could not be found.
#0 C:\xampp\htdocs\cake\app\webroot\index.php(96): Dispatcher->dispatch(Object(CakeRequest), Object(CakeResponse))
#1 {main}
2012-04-26 01:24:23 Error: [MissingControllerException] Controller class Como-chegarController could not be found.
#0 C:\xampp\htdocs\cake\app\webroot\index.php(96): Dispatcher->dispatch(Object(CakeRequest), Object(CakeResponse))
#1 {main}
2012-04-26 01:31:23 Error: [MissingActionException] Action InscricoesController::Inscricoes() could not be found.
#0 C:\xampp\htdocs\cake\lib\Cake\Routing\Dispatcher.php(103): Controller->invokeAction(Object(CakeRequest))
#1 C:\xampp\htdocs\cake\lib\Cake\Routing\Dispatcher.php(85): Dispatcher->_invoke(Object(InscricoesController), Object(CakeRequest), Object(CakeResponse))
#2 C:\xampp\htdocs\cake\app\webroot\index.php(96): Dispatcher->dispatch(Object(CakeRequest), Object(CakeResponse))
#3 {main}
2012-04-26 01:32:33 Error: [MissingActionException] Action InscricoesController::Inscricoes() could not be found.
#0 C:\xampp\htdocs\cake\lib\Cake\Routing\Dispatcher.php(103): Controller->invokeAction(Object(CakeRequest))
#1 C:\xampp\htdocs\cake\lib\Cake\Routing\Dispatcher.php(85): Dispatcher->_invoke(Object(InscricoesController), Object(CakeRequest), Object(CakeResponse))
#2 C:\xampp\htdocs\cake\app\webroot\index.php(96): Dispatcher->dispatch(Object(CakeRequest), Object(CakeResponse))
#3 {main}
2012-04-26 01:34:48 Error: [MissingActionException] Action InscricoesController::Inscricoes() could not be found.
#0 C:\xampp\htdocs\cake\lib\Cake\Routing\Dispatcher.php(103): Controller->invokeAction(Object(CakeRequest))
#1 C:\xampp\htdocs\cake\lib\Cake\Routing\Dispatcher.php(85): Dispatcher->_invoke(Object(InscricoesController), Object(CakeRequest), Object(CakeResponse))
#2 C:\xampp\htdocs\cake\app\webroot\index.php(96): Dispatcher->dispatch(Object(CakeRequest), Object(CakeResponse))
#3 {main}
2012-04-26 01:38:17 Error: [PDOException] SQLSTATE[23000]: Integrity constraint violation: 1062 Duplicate entry '' for key 'email'
#0 C:\xampp\htdocs\cake\lib\Cake\Model\Datasource\DboSource.php(437): PDOStatement->execute(Array)
#1 C:\xampp\htdocs\cake\lib\Cake\Model\Datasource\DboSource.php(403): DboSource->_execute('INSERT INTO `va...', Array)
#2 C:\xampp\htdocs\cake\lib\Cake\Model\Datasource\DboSource.php(985): DboSource->execute('INSERT INTO `va...')
#3 C:\xampp\htdocs\cake\lib\Cake\Model\Model.php(1705): DboSource->create(Object(Inscricao), Array, Array)
#4 C:\xampp\htdocs\cake\app\Controller\InscricoesController.php(12): Model->save(Array)
#5 [internal function]: InscricoesController->inscrever()
#6 C:\xampp\htdocs\cake\lib\Cake\Controller\Controller.php(482): ReflectionMethod->invokeArgs(Object(InscricoesController), Array)
#7 C:\xampp\htdocs\cake\lib\Cake\Routing\Dispatcher.php(103): Controller->invokeAction(Object(CakeRequest))
#8 C:\xampp\htdocs\cake\lib\Cake\Routing\Dispatcher.php(85): Dispatcher->_invoke(Object(InscricoesController), Object(CakeRequest), Object(CakeResponse))
#9 C:\xampp\htdocs\cake\app\webroot\index.php(96): Dispatcher->dispatch(Object(CakeRequest), Object(CakeResponse))
#10 {main}
2012-04-26 01:48:12 Error: [PDOException] SQLSTATE[23000]: Integrity constraint violation: 1062 Duplicate entry '' for key 'email'
#0 C:\xampp\htdocs\cake\lib\Cake\Model\Datasource\DboSource.php(437): PDOStatement->execute(Array)
#1 C:\xampp\htdocs\cake\lib\Cake\Model\Datasource\DboSource.php(403): DboSource->_execute('INSERT INTO `va...', Array)
#2 C:\xampp\htdocs\cake\lib\Cake\Model\Datasource\DboSource.php(985): DboSource->execute('INSERT INTO `va...')
#3 C:\xampp\htdocs\cake\lib\Cake\Model\Model.php(1705): DboSource->create(Object(Inscricao), Array, Array)
#4 C:\xampp\htdocs\cake\app\Controller\InscricoesController.php(12): Model->save(Array)
#5 [internal function]: InscricoesController->inscrever()
#6 C:\xampp\htdocs\cake\lib\Cake\Controller\Controller.php(482): ReflectionMethod->invokeArgs(Object(InscricoesController), Array)
#7 C:\xampp\htdocs\cake\lib\Cake\Routing\Dispatcher.php(103): Controller->invokeAction(Object(CakeRequest))
#8 C:\xampp\htdocs\cake\lib\Cake\Routing\Dispatcher.php(85): Dispatcher->_invoke(Object(InscricoesController), Object(CakeRequest), Object(CakeResponse))
#9 C:\xampp\htdocs\cake\app\webroot\index.php(96): Dispatcher->dispatch(Object(CakeRequest), Object(CakeResponse))
#10 {main}
2012-04-26 01:52:14 Error: [PDOException] SQLSTATE[23000]: Integrity constraint violation: 1062 Duplicate entry '' for key 'email'
#0 C:\xampp\htdocs\cake\lib\Cake\Model\Datasource\DboSource.php(437): PDOStatement->execute(Array)
#1 C:\xampp\htdocs\cake\lib\Cake\Model\Datasource\DboSource.php(403): DboSource->_execute('INSERT INTO `va...', Array)
#2 C:\xampp\htdocs\cake\lib\Cake\Model\Datasource\DboSource.php(985): DboSource->execute('INSERT INTO `va...')
#3 C:\xampp\htdocs\cake\lib\Cake\Model\Model.php(1705): DboSource->create(Object(Inscricao), Array, Array)
#4 C:\xampp\htdocs\cake\app\Controller\InscricoesController.php(12): Model->save(Array)
#5 [internal function]: InscricoesController->inscrever()
#6 C:\xampp\htdocs\cake\lib\Cake\Controller\Controller.php(482): ReflectionMethod->invokeArgs(Object(InscricoesController), Array)
#7 C:\xampp\htdocs\cake\lib\Cake\Routing\Dispatcher.php(103): Controller->invokeAction(Object(CakeRequest))
#8 C:\xampp\htdocs\cake\lib\Cake\Routing\Dispatcher.php(85): Dispatcher->_invoke(Object(InscricoesController), Object(CakeRequest), Object(CakeResponse))
#9 C:\xampp\htdocs\cake\app\webroot\index.php(96): Dispatcher->dispatch(Object(CakeRequest), Object(CakeResponse))
#10 {main}
2012-04-26 01:54:21 Error: [PDOException] SQLSTATE[23000]: Integrity constraint violation: 1062 Duplicate entry '' for key 'email'
#0 C:\xampp\htdocs\cake\lib\Cake\Model\Datasource\DboSource.php(437): PDOStatement->execute(Array)
#1 C:\xampp\htdocs\cake\lib\Cake\Model\Datasource\DboSource.php(403): DboSource->_execute('INSERT INTO `va...', Array)
#2 C:\xampp\htdocs\cake\lib\Cake\Model\Datasource\DboSource.php(985): DboSource->execute('INSERT INTO `va...')
#3 C:\xampp\htdocs\cake\lib\Cake\Model\Model.php(1705): DboSource->create(Object(Inscricao), Array, Array)
#4 C:\xampp\htdocs\cake\app\Controller\InscricoesController.php(12): Model->save(Array)
#5 [internal function]: InscricoesController->inscrever()
#6 C:\xampp\htdocs\cake\lib\Cake\Controller\Controller.php(482): ReflectionMethod->invokeArgs(Object(InscricoesController), Array)
#7 C:\xampp\htdocs\cake\lib\Cake\Routing\Dispatcher.php(103): Controller->invokeAction(Object(CakeRequest))
#8 C:\xampp\htdocs\cake\lib\Cake\Routing\Dispatcher.php(85): Dispatcher->_invoke(Object(InscricoesController), Object(CakeRequest), Object(CakeResponse))
#9 C:\xampp\htdocs\cake\app\webroot\index.php(96): Dispatcher->dispatch(Object(CakeRequest), Object(CakeResponse))
#10 {main}
2012-04-26 01:56:11 Error: [PDOException] SQLSTATE[23000]: Integrity constraint violation: 1062 Duplicate entry '' for key 'email'
#0 C:\xampp\htdocs\cake\lib\Cake\Model\Datasource\DboSource.php(437): PDOStatement->execute(Array)
#1 C:\xampp\htdocs\cake\lib\Cake\Model\Datasource\DboSource.php(403): DboSource->_execute('INSERT INTO `va...', Array)
#2 C:\xampp\htdocs\cake\lib\Cake\Model\Datasource\DboSource.php(985): DboSource->execute('INSERT INTO `va...')
#3 C:\xampp\htdocs\cake\lib\Cake\Model\Model.php(1705): DboSource->create(Object(Inscricao), Array, Array)
#4 C:\xampp\htdocs\cake\app\Controller\InscricoesController.php(12): Model->save(Array)
#5 [internal function]: InscricoesController->inscrever()
#6 C:\xampp\htdocs\cake\lib\Cake\Controller\Controller.php(482): ReflectionMethod->invokeArgs(Object(InscricoesController), Array)
#7 C:\xampp\htdocs\cake\lib\Cake\Routing\Dispatcher.php(103): Controller->invokeAction(Object(CakeRequest))
#8 C:\xampp\htdocs\cake\lib\Cake\Routing\Dispatcher.php(85): Dispatcher->_invoke(Object(InscricoesController), Object(CakeRequest), Object(CakeResponse))
#9 C:\xampp\htdocs\cake\app\webroot\index.php(96): Dispatcher->dispatch(Object(CakeRequest), Object(CakeResponse))
#10 {main}
2012-04-26 01:56:40 Error: [PDOException] SQLSTATE[23000]: Integrity constraint violation: 1062 Duplicate entry '' for key 'email'
#0 C:\xampp\htdocs\cake\lib\Cake\Model\Datasource\DboSource.php(437): PDOStatement->execute(Array)
#1 C:\xampp\htdocs\cake\lib\Cake\Model\Datasource\DboSource.php(403): DboSource->_execute('INSERT INTO `va...', Array)
#2 C:\xampp\htdocs\cake\lib\Cake\Model\Datasource\DboSource.php(985): DboSource->execute('INSERT INTO `va...')
#3 C:\xampp\htdocs\cake\lib\Cake\Model\Model.php(1705): DboSource->create(Object(Inscricao), Array, Array)
#4 C:\xampp\htdocs\cake\app\Controller\InscricoesController.php(12): Model->save(Array)
#5 [internal function]: InscricoesController->inscrever()
#6 C:\xampp\htdocs\cake\lib\Cake\Controller\Controller.php(482): ReflectionMethod->invokeArgs(Object(InscricoesController), Array)
#7 C:\xampp\htdocs\cake\lib\Cake\Routing\Dispatcher.php(103): Controller->invokeAction(Object(CakeRequest))
#8 C:\xampp\htdocs\cake\lib\Cake\Routing\Dispatcher.php(85): Dispatcher->_invoke(Object(InscricoesController), Object(CakeRequest), Object(CakeResponse))
#9 C:\xampp\htdocs\cake\app\webroot\index.php(96): Dispatcher->dispatch(Object(CakeRequest), Object(CakeResponse))
#10 {main}
2012-04-26 01:58:04 Error: [PDOException] SQLSTATE[23000]: Integrity constraint violation: 1062 Duplicate entry '' for key 'email'
#0 C:\xampp\htdocs\cake\lib\Cake\Model\Datasource\DboSource.php(437): PDOStatement->execute(Array)
#1 C:\xampp\htdocs\cake\lib\Cake\Model\Datasource\DboSource.php(403): DboSource->_execute('INSERT INTO `va...', Array)
#2 C:\xampp\htdocs\cake\lib\Cake\Model\Datasource\DboSource.php(985): DboSource->execute('INSERT INTO `va...')
#3 C:\xampp\htdocs\cake\lib\Cake\Model\Model.php(1705): DboSource->create(Object(Inscricao), Array, Array)
#4 C:\xampp\htdocs\cake\app\Controller\InscricoesController.php(12): Model->save(Array)
#5 [internal function]: InscricoesController->inscrever()
#6 C:\xampp\htdocs\cake\lib\Cake\Controller\Controller.php(482): ReflectionMethod->invokeArgs(Object(InscricoesController), Array)
#7 C:\xampp\htdocs\cake\lib\Cake\Routing\Dispatcher.php(103): Controller->invokeAction(Object(CakeRequest))
#8 C:\xampp\htdocs\cake\lib\Cake\Routing\Dispatcher.php(85): Dispatcher->_invoke(Object(InscricoesController), Object(CakeRequest), Object(CakeResponse))
#9 C:\xampp\htdocs\cake\app\webroot\index.php(96): Dispatcher->dispatch(Object(CakeRequest), Object(CakeResponse))
#10 {main}
2012-04-26 01:58:20 Error: [PDOException] SQLSTATE[23000]: Integrity constraint violation: 1062 Duplicate entry 'teste' for key 'email'
#0 C:\xampp\htdocs\cake\lib\Cake\Model\Datasource\DboSource.php(437): PDOStatement->execute(Array)
#1 C:\xampp\htdocs\cake\lib\Cake\Model\Datasource\DboSource.php(403): DboSource->_execute('INSERT INTO `va...', Array)
#2 C:\xampp\htdocs\cake\lib\Cake\Model\Datasource\DboSource.php(985): DboSource->execute('INSERT INTO `va...')
#3 C:\xampp\htdocs\cake\lib\Cake\Model\Model.php(1705): DboSource->create(Object(Inscricao), Array, Array)
#4 C:\xampp\htdocs\cake\app\Controller\InscricoesController.php(12): Model->save(Array)
#5 [internal function]: InscricoesController->inscrever()
#6 C:\xampp\htdocs\cake\lib\Cake\Controller\Controller.php(482): ReflectionMethod->invokeArgs(Object(InscricoesController), Array)
#7 C:\xampp\htdocs\cake\lib\Cake\Routing\Dispatcher.php(103): Controller->invokeAction(Object(CakeRequest))
#8 C:\xampp\htdocs\cake\lib\Cake\Routing\Dispatcher.php(85): Dispatcher->_invoke(Object(InscricoesController), Object(CakeRequest), Object(CakeResponse))
#9 C:\xampp\htdocs\cake\app\webroot\index.php(96): Dispatcher->dispatch(Object(CakeRequest), Object(CakeResponse))
#10 {main}
2012-04-26 01:59:00 Error: [PDOException] SQLSTATE[23000]: Integrity constraint violation: 1062 Duplicate entry 'teste' for key 'email'
#0 C:\xampp\htdocs\cake\lib\Cake\Model\Datasource\DboSource.php(437): PDOStatement->execute(Array)
#1 C:\xampp\htdocs\cake\lib\Cake\Model\Datasource\DboSource.php(403): DboSource->_execute('INSERT INTO `va...', Array)
#2 C:\xampp\htdocs\cake\lib\Cake\Model\Datasource\DboSource.php(985): DboSource->execute('INSERT INTO `va...')
#3 C:\xampp\htdocs\cake\lib\Cake\Model\Model.php(1705): DboSource->create(Object(Inscricao), Array, Array)
#4 C:\xampp\htdocs\cake\app\Controller\InscricoesController.php(12): Model->save(Array)
#5 [internal function]: InscricoesController->inscrever()
#6 C:\xampp\htdocs\cake\lib\Cake\Controller\Controller.php(482): ReflectionMethod->invokeArgs(Object(InscricoesController), Array)
#7 C:\xampp\htdocs\cake\lib\Cake\Routing\Dispatcher.php(103): Controller->invokeAction(Object(CakeRequest))
#8 C:\xampp\htdocs\cake\lib\Cake\Routing\Dispatcher.php(85): Dispatcher->_invoke(Object(InscricoesController), Object(CakeRequest), Object(CakeResponse))
#9 C:\xampp\htdocs\cake\app\webroot\index.php(96): Dispatcher->dispatch(Object(CakeRequest), Object(CakeResponse))
#10 {main}
2012-04-26 01:59:38 Error: [PDOException] SQLSTATE[23000]: Integrity constraint violation: 1062 Duplicate entry 'teste' for key 'email'
#0 C:\xampp\htdocs\cake\lib\Cake\Model\Datasource\DboSource.php(437): PDOStatement->execute(Array)
#1 C:\xampp\htdocs\cake\lib\Cake\Model\Datasource\DboSource.php(403): DboSource->_execute('INSERT INTO `va...', Array)
#2 C:\xampp\htdocs\cake\lib\Cake\Model\Datasource\DboSource.php(985): DboSource->execute('INSERT INTO `va...')
#3 C:\xampp\htdocs\cake\lib\Cake\Model\Model.php(1705): DboSource->create(Object(Inscricao), Array, Array)
#4 C:\xampp\htdocs\cake\app\Controller\InscricoesController.php(12): Model->save(Array)
#5 [internal function]: InscricoesController->inscrever()
#6 C:\xampp\htdocs\cake\lib\Cake\Controller\Controller.php(482): ReflectionMethod->invokeArgs(Object(InscricoesController), Array)
#7 C:\xampp\htdocs\cake\lib\Cake\Routing\Dispatcher.php(103): Controller->invokeAction(Object(CakeRequest))
#8 C:\xampp\htdocs\cake\lib\Cake\Routing\Dispatcher.php(85): Dispatcher->_invoke(Object(InscricoesController), Object(CakeRequest), Object(CakeResponse))
#9 C:\xampp\htdocs\cake\app\webroot\index.php(96): Dispatcher->dispatch(Object(CakeRequest), Object(CakeResponse))
#10 {main}
2012-04-26 02:00:03 Error: [PDOException] SQLSTATE[23000]: Integrity constraint violation: 1062 Duplicate entry 'teste' for key 'email'
#0 C:\xampp\htdocs\cake\lib\Cake\Model\Datasource\DboSource.php(437): PDOStatement->execute(Array)
#1 C:\xampp\htdocs\cake\lib\Cake\Model\Datasource\DboSource.php(403): DboSource->_execute('INSERT INTO `va...', Array)
#2 C:\xampp\htdocs\cake\lib\Cake\Model\Datasource\DboSource.php(985): DboSource->execute('INSERT INTO `va...')
#3 C:\xampp\htdocs\cake\lib\Cake\Model\Model.php(1705): DboSource->create(Object(Inscricao), Array, Array)
#4 C:\xampp\htdocs\cake\app\Controller\InscricoesController.php(12): Model->save(Array)
#5 [internal function]: InscricoesController->inscrever()
#6 C:\xampp\htdocs\cake\lib\Cake\Controller\Controller.php(482): ReflectionMethod->invokeArgs(Object(InscricoesController), Array)
#7 C:\xampp\htdocs\cake\lib\Cake\Routing\Dispatcher.php(103): Controller->invokeAction(Object(CakeRequest))
#8 C:\xampp\htdocs\cake\lib\Cake\Routing\Dispatcher.php(85): Dispatcher->_invoke(Object(InscricoesController), Object(CakeRequest), Object(CakeResponse))
#9 C:\xampp\htdocs\cake\app\webroot\index.php(96): Dispatcher->dispatch(Object(CakeRequest), Object(CakeResponse))
#10 {main}
2012-04-26 02:04:45 Error: [PDOException] SQLSTATE[42000]: Syntax error or access violation: 1064 You have an error in your SQL syntax; check the manual that corresponds to your MySQL server version for the right syntax to use near 'findCount' at line 1
#0 C:\xampp\htdocs\cake\lib\Cake\Model\Datasource\DboSource.php(437): PDOStatement->execute(Array)
#1 C:\xampp\htdocs\cake\lib\Cake\Model\Datasource\DboSource.php(403): DboSource->_execute('findCount', Array)
#2 C:\xampp\htdocs\cake\lib\Cake\Model\Datasource\DboSource.php(647): DboSource->execute('findCount', Array, Array)
#3 C:\xampp\htdocs\cake\lib\Cake\Model\Datasource\DboSource.php(589): DboSource->fetchAll('findCount', Array, Array)
#4 C:\xampp\htdocs\cake\lib\Cake\Model\Model.php(775): DboSource->query('findCount', Array, Object(Inscricao))
#5 C:\xampp\htdocs\cake\app\Model\Inscricao.php(12): Model->__call('findCount', Array)
#6 C:\xampp\htdocs\cake\app\Model\Inscricao.php(12): Inscricao->findCount(Array)
#7 [internal function]: Inscricao->beforeValidate(Array)
#8 C:\xampp\htdocs\cake\lib\Cake\Event\CakeEventManager.php(244): call_user_func_array(Array, Array)
#9 C:\xampp\htdocs\cake\lib\Cake\Model\Model.php(3053): CakeEventManager->dispatch(Object(CakeEvent))
#10 C:\xampp\htdocs\cake\lib\Cake\Model\Model.php(3033): Model->invalidFields(Array)
#11 C:\xampp\htdocs\cake\lib\Cake\Model\Model.php(1618): Model->validates(Array)
#12 C:\xampp\htdocs\cake\app\Controller\InscricoesController.php(12): Model->save(Array)
#13 [internal function]: InscricoesController->inscrever()
#14 C:\xampp\htdocs\cake\lib\Cake\Controller\Controller.php(482): ReflectionMethod->invokeArgs(Object(InscricoesController), Array)
#15 C:\xampp\htdocs\cake\lib\Cake\Routing\Dispatcher.php(103): Controller->invokeAction(Object(CakeRequest))
#16 C:\xampp\htdocs\cake\lib\Cake\Routing\Dispatcher.php(85): Dispatcher->_invoke(Object(InscricoesController), Object(CakeRequest), Object(CakeResponse))
#17 C:\xampp\htdocs\cake\app\webroot\index.php(96): Dispatcher->dispatch(Object(CakeRequest), Object(CakeResponse))
#18 {main}
2012-04-26 02:07:02 Error: [PDOException] SQLSTATE[42000]: Syntax error or access violation: 1064 You have an error in your SQL syntax; check the manual that corresponds to your MySQL server version for the right syntax to use near 'findCount' at line 1
#0 C:\xampp\htdocs\cake\lib\Cake\Model\Datasource\DboSource.php(437): PDOStatement->execute(Array)
#1 C:\xampp\htdocs\cake\lib\Cake\Model\Datasource\DboSource.php(403): DboSource->_execute('findCount', Array)
#2 C:\xampp\htdocs\cake\lib\Cake\Model\Datasource\DboSource.php(647): DboSource->execute('findCount', Array, Array)
#3 C:\xampp\htdocs\cake\lib\Cake\Model\Datasource\DboSource.php(589): DboSource->fetchAll('findCount', Array, Array)
#4 C:\xampp\htdocs\cake\lib\Cake\Model\Model.php(775): DboSource->query('findCount', Array, Object(Inscricao))
#5 C:\xampp\htdocs\cake\app\Model\Inscricao.php(12): Model->__call('findCount', Array)
#6 C:\xampp\htdocs\cake\app\Model\Inscricao.php(12): Inscricao->findCount(Array)
#7 [internal function]: Inscricao->beforeValidate(Array)
#8 C:\xampp\htdocs\cake\lib\Cake\Event\CakeEventManager.php(244): call_user_func_array(Array, Array)
#9 C:\xampp\htdocs\cake\lib\Cake\Model\Model.php(3053): CakeEventManager->dispatch(Object(CakeEvent))
#10 C:\xampp\htdocs\cake\lib\Cake\Model\Model.php(3033): Model->invalidFields(Array)
#11 C:\xampp\htdocs\cake\lib\Cake\Model\Model.php(1618): Model->validates(Array)
#12 C:\xampp\htdocs\cake\app\Controller\InscricoesController.php(12): Model->save(Array)
#13 [internal function]: InscricoesController->inscrever()
#14 C:\xampp\htdocs\cake\lib\Cake\Controller\Controller.php(482): ReflectionMethod->invokeArgs(Object(InscricoesController), Array)
#15 C:\xampp\htdocs\cake\lib\Cake\Routing\Dispatcher.php(103): Controller->invokeAction(Object(CakeRequest))
#16 C:\xampp\htdocs\cake\lib\Cake\Routing\Dispatcher.php(85): Dispatcher->_invoke(Object(InscricoesController), Object(CakeRequest), Object(CakeResponse))
#17 C:\xampp\htdocs\cake\app\webroot\index.php(96): Dispatcher->dispatch(Object(CakeRequest), Object(CakeResponse))
#18 {main}
2012-04-26 02:08:31 Error: [PDOException] SQLSTATE[42000]: Syntax error or access violation: 1064 You have an error in your SQL syntax; check the manual that corresponds to your MySQL server version for the right syntax to use near 'findCount' at line 1
#0 C:\xampp\htdocs\cake\lib\Cake\Model\Datasource\DboSource.php(437): PDOStatement->execute(Array)
#1 C:\xampp\htdocs\cake\lib\Cake\Model\Datasource\DboSource.php(403): DboSource->_execute('findCount', Array)
#2 C:\xampp\htdocs\cake\lib\Cake\Model\Datasource\DboSource.php(647): DboSource->execute('findCount', Array, Array)
#3 C:\xampp\htdocs\cake\lib\Cake\Model\Datasource\DboSource.php(589): DboSource->fetchAll('findCount', Array, Array)
#4 C:\xampp\htdocs\cake\lib\Cake\Model\Model.php(775): DboSource->query('findCount', Array, Object(Inscricao))
#5 C:\xampp\htdocs\cake\app\Model\Inscricao.php(11): Model->__call('findCount', Array)
#6 C:\xampp\htdocs\cake\app\Model\Inscricao.php(11): Inscricao->findCount(Array)
#7 [internal function]: Inscricao->beforeValidate(Array)
#8 C:\xampp\htdocs\cake\lib\Cake\Event\CakeEventManager.php(244): call_user_func_array(Array, Array)
#9 C:\xampp\htdocs\cake\lib\Cake\Model\Model.php(3053): CakeEventManager->dispatch(Object(CakeEvent))
#10 C:\xampp\htdocs\cake\lib\Cake\Model\Model.php(3033): Model->invalidFields(Array)
#11 C:\xampp\htdocs\cake\lib\Cake\Model\Model.php(1618): Model->validates(Array)
#12 C:\xampp\htdocs\cake\app\Controller\InscricoesController.php(12): Model->save(Array)
#13 [internal function]: InscricoesController->inscrever()
#14 C:\xampp\htdocs\cake\lib\Cake\Controller\Controller.php(482): ReflectionMethod->invokeArgs(Object(InscricoesController), Array)
#15 C:\xampp\htdocs\cake\lib\Cake\Routing\Dispatcher.php(103): Controller->invokeAction(Object(CakeRequest))
#16 C:\xampp\htdocs\cake\lib\Cake\Routing\Dispatcher.php(85): Dispatcher->_invoke(Object(InscricoesController), Object(CakeRequest), Object(CakeResponse))
#17 C:\xampp\htdocs\cake\app\webroot\index.php(96): Dispatcher->dispatch(Object(CakeRequest), Object(CakeResponse))
#18 {main}
2012-04-26 02:09:41 Error: [PDOException] SQLSTATE[42000]: Syntax error or access violation: 1064 You have an error in your SQL syntax; check the manual that corresponds to your MySQL server version for the right syntax to use near 'findCount' at line 1
#0 C:\xampp\htdocs\cake\lib\Cake\Model\Datasource\DboSource.php(437): PDOStatement->execute(Array)
#1 C:\xampp\htdocs\cake\lib\Cake\Model\Datasource\DboSource.php(403): DboSource->_execute('findCount', Array)
#2 C:\xampp\htdocs\cake\lib\Cake\Model\Datasource\DboSource.php(647): DboSource->execute('findCount', Array, Array)
#3 C:\xampp\htdocs\cake\lib\Cake\Model\Datasource\DboSource.php(589): DboSource->fetchAll('findCount', Array, Array)
#4 C:\xampp\htdocs\cake\lib\Cake\Model\Model.php(775): DboSource->query('findCount', Array, Object(Inscricao))
#5 C:\xampp\htdocs\cake\app\Model\Inscricao.php(11): Model->__call('findCount', Array)
#6 C:\xampp\htdocs\cake\app\Model\Inscricao.php(11): Inscricao->findCount(Array)
#7 [internal function]: Inscricao->beforeValidate(Array)
#8 C:\xampp\htdocs\cake\lib\Cake\Event\CakeEventManager.php(244): call_user_func_array(Array, Array)
#9 C:\xampp\htdocs\cake\lib\Cake\Model\Model.php(3053): CakeEventManager->dispatch(Object(CakeEvent))
#10 C:\xampp\htdocs\cake\lib\Cake\Model\Model.php(3033): Model->invalidFields(Array)
#11 C:\xampp\htdocs\cake\lib\Cake\Model\Model.php(1618): Model->validates(Array)
#12 C:\xampp\htdocs\cake\app\Controller\InscricoesController.php(21): Model->save(Array)
#13 [internal function]: InscricoesController->inscrever()
#14 C:\xampp\htdocs\cake\lib\Cake\Controller\Controller.php(482): ReflectionMethod->invokeArgs(Object(InscricoesController), Array)
#15 C:\xampp\htdocs\cake\lib\Cake\Routing\Dispatcher.php(103): Controller->invokeAction(Object(CakeRequest))
#16 C:\xampp\htdocs\cake\lib\Cake\Routing\Dispatcher.php(85): Dispatcher->_invoke(Object(InscricoesController), Object(CakeRequest), Object(CakeResponse))
#17 C:\xampp\htdocs\cake\app\webroot\index.php(96): Dispatcher->dispatch(Object(CakeRequest), Object(CakeResponse))
#18 {main}
2012-04-26 02:09:57 Error: [PDOException] SQLSTATE[42000]: Syntax error or access violation: 1064 You have an error in your SQL syntax; check the manual that corresponds to your MySQL server version for the right syntax to use near 'findCount' at line 1
#0 C:\xampp\htdocs\cake\lib\Cake\Model\Datasource\DboSource.php(437): PDOStatement->execute(Array)
#1 C:\xampp\htdocs\cake\lib\Cake\Model\Datasource\DboSource.php(403): DboSource->_execute('findCount', Array)
#2 C:\xampp\htdocs\cake\lib\Cake\Model\Datasource\DboSource.php(647): DboSource->execute('findCount', Array, Array)
#3 C:\xampp\htdocs\cake\lib\Cake\Model\Datasource\DboSource.php(589): DboSource->fetchAll('findCount', Array, Array)
#4 C:\xampp\htdocs\cake\lib\Cake\Model\Model.php(775): DboSource->query('findCount', Array, Object(Inscricao))
#5 C:\xampp\htdocs\cake\app\Model\Inscricao.php(11): Model->__call('findCount', Array)
#6 C:\xampp\htdocs\cake\app\Model\Inscricao.php(11): Inscricao->findCount(Array)
#7 [internal function]: Inscricao->beforeValidate(Array)
#8 C:\xampp\htdocs\cake\lib\Cake\Event\CakeEventManager.php(244): call_user_func_array(Array, Array)
#9 C:\xampp\htdocs\cake\lib\Cake\Model\Model.php(3053): CakeEventManager->dispatch(Object(CakeEvent))
#10 C:\xampp\htdocs\cake\lib\Cake\Model\Model.php(3033): Model->invalidFields(Array)
#11 C:\xampp\htdocs\cake\lib\Cake\Model\Model.php(1618): Model->validates(Array)
#12 C:\xampp\htdocs\cake\app\Controller\InscricoesController.php(13): Model->save(Array)
#13 [internal function]: InscricoesController->inscrever()
#14 C:\xampp\htdocs\cake\lib\Cake\Controller\Controller.php(482): ReflectionMethod->invokeArgs(Object(InscricoesController), Array)
#15 C:\xampp\htdocs\cake\lib\Cake\Routing\Dispatcher.php(103): Controller->invokeAction(Object(CakeRequest))
#16 C:\xampp\htdocs\cake\lib\Cake\Routing\Dispatcher.php(85): Dispatcher->_invoke(Object(InscricoesController), Object(CakeRequest), Object(CakeResponse))
#17 C:\xampp\htdocs\cake\app\webroot\index.php(96): Dispatcher->dispatch(Object(CakeRequest), Object(CakeResponse))
#18 {main}
2012-04-26 02:10:05 Error: [PDOException] SQLSTATE[23000]: Integrity constraint violation: 1062 Duplicate entry 'teste' for key 'email'
#0 C:\xampp\htdocs\cake\lib\Cake\Model\Datasource\DboSource.php(437): PDOStatement->execute(Array)
#1 C:\xampp\htdocs\cake\lib\Cake\Model\Datasource\DboSource.php(403): DboSource->_execute('INSERT INTO `va...', Array)
#2 C:\xampp\htdocs\cake\lib\Cake\Model\Datasource\DboSource.php(985): DboSource->execute('INSERT INTO `va...')
#3 C:\xampp\htdocs\cake\lib\Cake\Model\Model.php(1705): DboSource->create(Object(Inscricao), Array, Array)
#4 C:\xampp\htdocs\cake\app\Controller\InscricoesController.php(13): Model->save(Array)
#5 [internal function]: InscricoesController->inscrever()
#6 C:\xampp\htdocs\cake\lib\Cake\Controller\Controller.php(482): ReflectionMethod->invokeArgs(Object(InscricoesController), Array)
#7 C:\xampp\htdocs\cake\lib\Cake\Routing\Dispatcher.php(103): Controller->invokeAction(Object(CakeRequest))
#8 C:\xampp\htdocs\cake\lib\Cake\Routing\Dispatcher.php(85): Dispatcher->_invoke(Object(InscricoesController), Object(CakeRequest), Object(CakeResponse))
#9 C:\xampp\htdocs\cake\app\webroot\index.php(96): Dispatcher->dispatch(Object(CakeRequest), Object(CakeResponse))
#10 {main}
2012-04-26 02:10:15 Error: [PDOException] SQLSTATE[23000]: Integrity constraint violation: 1062 Duplicate entry 'teste' for key 'email'
#0 C:\xampp\htdocs\cake\lib\Cake\Model\Datasource\DboSource.php(437): PDOStatement->execute(Array)
#1 C:\xampp\htdocs\cake\lib\Cake\Model\Datasource\DboSource.php(403): DboSource->_execute('INSERT INTO `va...', Array)
#2 C:\xampp\htdocs\cake\lib\Cake\Model\Datasource\DboSource.php(985): DboSource->execute('INSERT INTO `va...')
#3 C:\xampp\htdocs\cake\lib\Cake\Model\Model.php(1705): DboSource->create(Object(Inscricao), Array, Array)
#4 C:\xampp\htdocs\cake\app\Controller\InscricoesController.php(21): Model->save(Array)
#5 [internal function]: InscricoesController->inscrever()
#6 C:\xampp\htdocs\cake\lib\Cake\Controller\Controller.php(482): ReflectionMethod->invokeArgs(Object(InscricoesController), Array)
#7 C:\xampp\htdocs\cake\lib\Cake\Routing\Dispatcher.php(103): Controller->invokeAction(Object(CakeRequest))
#8 C:\xampp\htdocs\cake\lib\Cake\Routing\Dispatcher.php(85): Dispatcher->_invoke(Object(InscricoesController), Object(CakeRequest), Object(CakeResponse))
#9 C:\xampp\htdocs\cake\app\webroot\index.php(96): Dispatcher->dispatch(Object(CakeRequest), Object(CakeResponse))
#10 {main}
2012-04-26 02:11:01 Error: [PDOException] SQLSTATE[42000]: Syntax error or access violation: 1064 You have an error in your SQL syntax; check the manual that corresponds to your MySQL server version for the right syntax to use near 'findCount' at line 1
#0 C:\xampp\htdocs\cake\lib\Cake\Model\Datasource\DboSource.php(437): PDOStatement->execute(Array)
#1 C:\xampp\htdocs\cake\lib\Cake\Model\Datasource\DboSource.php(403): DboSource->_execute('findCount', Array)
#2 C:\xampp\htdocs\cake\lib\Cake\Model\Datasource\DboSource.php(647): DboSource->execute('findCount', Array, Array)
#3 C:\xampp\htdocs\cake\lib\Cake\Model\Datasource\DboSource.php(589): DboSource->fetchAll('findCount', Array, Array)
#4 C:\xampp\htdocs\cake\lib\Cake\Model\Model.php(775): DboSource->query('findCount', Array, Object(Inscricao))
#5 C:\xampp\htdocs\cake\app\Model\Inscricao.php(11): Model->__call('findCount', Array)
#6 C:\xampp\htdocs\cake\app\Model\Inscricao.php(11): Inscricao->findCount(Array)
#7 [internal function]: Inscricao->beforeValidate(Array)
#8 C:\xampp\htdocs\cake\lib\Cake\Event\CakeEventManager.php(244): call_user_func_array(Array, Array)
#9 C:\xampp\htdocs\cake\lib\Cake\Model\Model.php(3053): CakeEventManager->dispatch(Object(CakeEvent))
#10 C:\xampp\htdocs\cake\lib\Cake\Model\Model.php(3033): Model->invalidFields(Array)
#11 C:\xampp\htdocs\cake\lib\Cake\Model\Model.php(1618): Model->validates(Array)
#12 C:\xampp\htdocs\cake\app\Controller\InscricoesController.php(13): Model->save(Array)
#13 [internal function]: InscricoesController->inscrever()
#14 C:\xampp\htdocs\cake\lib\Cake\Controller\Controller.php(482): ReflectionMethod->invokeArgs(Object(InscricoesController), Array)
#15 C:\xampp\htdocs\cake\lib\Cake\Routing\Dispatcher.php(103): Controller->invokeAction(Object(CakeRequest))
#16 C:\xampp\htdocs\cake\lib\Cake\Routing\Dispatcher.php(85): Dispatcher->_invoke(Object(InscricoesController), Object(CakeRequest), Object(CakeResponse))
#17 C:\xampp\htdocs\cake\app\webroot\index.php(96): Dispatcher->dispatch(Object(CakeRequest), Object(CakeResponse))
#18 {main}
2012-04-26 02:11:28 Error: [PDOException] SQLSTATE[42000]: Syntax error or access violation: 1064 You have an error in your SQL syntax; check the manual that corresponds to your MySQL server version for the right syntax to use near 'findCount' at line 1
#0 C:\xampp\htdocs\cake\lib\Cake\Model\Datasource\DboSource.php(437): PDOStatement->execute(Array)
#1 C:\xampp\htdocs\cake\lib\Cake\Model\Datasource\DboSource.php(403): DboSource->_execute('findCount', Array)
#2 C:\xampp\htdocs\cake\lib\Cake\Model\Datasource\DboSource.php(647): DboSource->execute('findCount', Array, Array)
#3 C:\xampp\htdocs\cake\lib\Cake\Model\Datasource\DboSource.php(589): DboSource->fetchAll('findCount', Array, Array)
#4 C:\xampp\htdocs\cake\lib\Cake\Model\Model.php(775): DboSource->query('findCount', Array, Object(Inscricao))
#5 C:\xampp\htdocs\cake\app\Model\Inscricao.php(11): Model->__call('findCount', Array)
#6 C:\xampp\htdocs\cake\app\Model\Inscricao.php(11): Inscricao->findCount(Array)
#7 [internal function]: Inscricao->beforeValidate(Array)
#8 C:\xampp\htdocs\cake\lib\Cake\Event\CakeEventManager.php(244): call_user_func_array(Array, Array)
#9 C:\xampp\htdocs\cake\lib\Cake\Model\Model.php(3053): CakeEventManager->dispatch(Object(CakeEvent))
#10 C:\xampp\htdocs\cake\lib\Cake\Model\Model.php(3033): Model->invalidFields(Array)
#11 C:\xampp\htdocs\cake\lib\Cake\Model\Model.php(1618): Model->validates(Array)
#12 C:\xampp\htdocs\cake\app\Controller\InscricoesController.php(13): Model->save(Array)
#13 [internal function]: InscricoesController->inscrever()
#14 C:\xampp\htdocs\cake\lib\Cake\Controller\Controller.php(482): ReflectionMethod->invokeArgs(Object(InscricoesController), Array)
#15 C:\xampp\htdocs\cake\lib\Cake\Routing\Dispatcher.php(103): Controller->invokeAction(Object(CakeRequest))
#16 C:\xampp\htdocs\cake\lib\Cake\Routing\Dispatcher.php(85): Dispatcher->_invoke(Object(InscricoesController), Object(CakeRequest), Object(CakeResponse))
#17 C:\xampp\htdocs\cake\app\webroot\index.php(96): Dispatcher->dispatch(Object(CakeRequest), Object(CakeResponse))
#18 {main}
2012-04-26 02:11:43 Error: [PDOException] SQLSTATE[42000]: Syntax error or access violation: 1064 You have an error in your SQL syntax; check the manual that corresponds to your MySQL server version for the right syntax to use near 'findCount' at line 1
#0 C:\xampp\htdocs\cake\lib\Cake\Model\Datasource\DboSource.php(437): PDOStatement->execute(Array)
#1 C:\xampp\htdocs\cake\lib\Cake\Model\Datasource\DboSource.php(403): DboSource->_execute('findCount', Array)
#2 C:\xampp\htdocs\cake\lib\Cake\Model\Datasource\DboSource.php(647): DboSource->execute('findCount', Array, Array)
#3 C:\xampp\htdocs\cake\lib\Cake\Model\Datasource\DboSource.php(589): DboSource->fetchAll('findCount', Array, Array)
#4 C:\xampp\htdocs\cake\lib\Cake\Model\Model.php(775): DboSource->query('findCount', Array, Object(Inscricao))
#5 C:\xampp\htdocs\cake\app\Model\Inscricao.php(11): Model->__call('findCount', Array)
#6 C:\xampp\htdocs\cake\app\Model\Inscricao.php(11): Inscricao->findCount(Array)
#7 [internal function]: Inscricao->beforeValidate(Array)
#8 C:\xampp\htdocs\cake\lib\Cake\Event\CakeEventManager.php(244): call_user_func_array(Array, Array)
#9 C:\xampp\htdocs\cake\lib\Cake\Model\Model.php(3053): CakeEventManager->dispatch(Object(CakeEvent))
#10 C:\xampp\htdocs\cake\lib\Cake\Model\Model.php(3033): Model->invalidFields(Array)
#11 C:\xampp\htdocs\cake\lib\Cake\Model\Model.php(1618): Model->validates(Array)
#12 C:\xampp\htdocs\cake\app\Controller\InscricoesController.php(13): Model->save(Array)
#13 [internal function]: InscricoesController->inscrever()
#14 C:\xampp\htdocs\cake\lib\Cake\Controller\Controller.php(482): ReflectionMethod->invokeArgs(Object(InscricoesController), Array)
#15 C:\xampp\htdocs\cake\lib\Cake\Routing\Dispatcher.php(103): Controller->invokeAction(Object(CakeRequest))
#16 C:\xampp\htdocs\cake\lib\Cake\Routing\Dispatcher.php(85): Dispatcher->_invoke(Object(InscricoesController), Object(CakeRequest), Object(CakeResponse))
#17 C:\xampp\htdocs\cake\app\webroot\index.php(96): Dispatcher->dispatch(Object(CakeRequest), Object(CakeResponse))
#18 {main}
2012-04-26 02:11:57 Error: [PDOException] SQLSTATE[42000]: Syntax error or access violation: 1064 You have an error in your SQL syntax; check the manual that corresponds to your MySQL server version for the right syntax to use near 'findCount' at line 1
#0 C:\xampp\htdocs\cake\lib\Cake\Model\Datasource\DboSource.php(437): PDOStatement->execute(Array)
#1 C:\xampp\htdocs\cake\lib\Cake\Model\Datasource\DboSource.php(403): DboSource->_execute('findCount', Array)
#2 C:\xampp\htdocs\cake\lib\Cake\Model\Datasource\DboSource.php(647): DboSource->execute('findCount', Array, Array)
#3 C:\xampp\htdocs\cake\lib\Cake\Model\Datasource\DboSource.php(589): DboSource->fetchAll('findCount', Array, Array)
#4 C:\xampp\htdocs\cake\lib\Cake\Model\Model.php(775): DboSource->query('findCount', Array, Object(Inscricao))
#5 C:\xampp\htdocs\cake\app\Model\Inscricao.php(11): Model->__call('findCount', Array)
#6 C:\xampp\htdocs\cake\app\Model\Inscricao.php(11): Inscricao->findCount(Array)
#7 [internal function]: Inscricao->beforeValidate(Array)
#8 C:\xampp\htdocs\cake\lib\Cake\Event\CakeEventManager.php(244): call_user_func_array(Array, Array)
#9 C:\xampp\htdocs\cake\lib\Cake\Model\Model.php(3053): CakeEventManager->dispatch(Object(CakeEvent))
#10 C:\xampp\htdocs\cake\lib\Cake\Model\Model.php(3033): Model->invalidFields(Array)
#11 C:\xampp\htdocs\cake\lib\Cake\Model\Model.php(1618): Model->validates(Array)
#12 C:\xampp\htdocs\cake\app\Controller\InscricoesController.php(13): Model->save(Array)
#13 [internal function]: InscricoesController->inscrever()
#14 C:\xampp\htdocs\cake\lib\Cake\Controller\Controller.php(482): ReflectionMethod->invokeArgs(Object(InscricoesController), Array)
#15 C:\xampp\htdocs\cake\lib\Cake\Routing\Dispatcher.php(103): Controller->invokeAction(Object(CakeRequest))
#16 C:\xampp\htdocs\cake\lib\Cake\Routing\Dispatcher.php(85): Dispatcher->_invoke(Object(InscricoesController), Object(CakeRequest), Object(CakeResponse))
#17 C:\xampp\htdocs\cake\app\webroot\index.php(96): Dispatcher->dispatch(Object(CakeRequest), Object(CakeResponse))
#18 {main}
2012-04-26 02:13:19 Error: [PDOException] SQLSTATE[42S22]: Column not found: 1054 Unknown column 'Inscricoes.email' in 'where clause'
#0 C:\xampp\htdocs\cake\lib\Cake\Model\Datasource\DboSource.php(437): PDOStatement->execute(Array)
#1 C:\xampp\htdocs\cake\lib\Cake\Model\Datasource\DboSource.php(403): DboSource->_execute('SELECT COUNT(*)...', Array)
#2 C:\xampp\htdocs\cake\lib\Cake\Model\Datasource\DboSource.php(647): DboSource->execute('SELECT COUNT(*)...', Array, Array)
#3 C:\xampp\htdocs\cake\lib\Cake\Model\Datasource\DboSource.php(1058): DboSource->fetchAll('SELECT COUNT(*)...', true)
#4 C:\xampp\htdocs\cake\lib\Cake\Model\Model.php(2663): DboSource->read(Object(Inscricao), Array)
#5 C:\xampp\htdocs\cake\app\Model\Inscricao.php(11): Model->find('count', Array)
#6 [internal function]: Inscricao->beforeValidate(Array)
#7 C:\xampp\htdocs\cake\lib\Cake\Event\CakeEventManager.php(244): call_user_func_array(Array, Array)
#8 C:\xampp\htdocs\cake\lib\Cake\Model\Model.php(3053): CakeEventManager->dispatch(Object(CakeEvent))
#9 C:\xampp\htdocs\cake\lib\Cake\Model\Model.php(3033): Model->invalidFields(Array)
#10 C:\xampp\htdocs\cake\lib\Cake\Model\Model.php(1618): Model->validates(Array)
#11 C:\xampp\htdocs\cake\app\Controller\InscricoesController.php(13): Model->save(Array)
#12 [internal function]: InscricoesController->inscrever()
#13 C:\xampp\htdocs\cake\lib\Cake\Controller\Controller.php(482): ReflectionMethod->invokeArgs(Object(InscricoesController), Array)
#14 C:\xampp\htdocs\cake\lib\Cake\Routing\Dispatcher.php(103): Controller->invokeAction(Object(CakeRequest))
#15 C:\xampp\htdocs\cake\lib\Cake\Routing\Dispatcher.php(85): Dispatcher->_invoke(Object(InscricoesController), Object(CakeRequest), Object(CakeResponse))
#16 C:\xampp\htdocs\cake\app\webroot\index.php(96): Dispatcher->dispatch(Object(CakeRequest), Object(CakeResponse))
#17 {main}
2012-04-26 02:13:27 Error: [PDOException] SQLSTATE[42S22]: Column not found: 1054 Unknown column 'Inscricoes.email' in 'where clause'
#0 C:\xampp\htdocs\cake\lib\Cake\Model\Datasource\DboSource.php(437): PDOStatement->execute(Array)
#1 C:\xampp\htdocs\cake\lib\Cake\Model\Datasource\DboSource.php(403): DboSource->_execute('SELECT COUNT(*)...', Array)
#2 C:\xampp\htdocs\cake\lib\Cake\Model\Datasource\DboSource.php(647): DboSource->execute('SELECT COUNT(*)...', Array, Array)
#3 C:\xampp\htdocs\cake\lib\Cake\Model\Datasource\DboSource.php(1058): DboSource->fetchAll('SELECT COUNT(*)...', true)
#4 C:\xampp\htdocs\cake\lib\Cake\Model\Model.php(2663): DboSource->read(Object(Inscricao), Array)
#5 C:\xampp\htdocs\cake\app\Model\Inscricao.php(11): Model->find('count', Array)
#6 [internal function]: Inscricao->beforeValidate(Array)
#7 C:\xampp\htdocs\cake\lib\Cake\Event\CakeEventManager.php(244): call_user_func_array(Array, Array)
#8 C:\xampp\htdocs\cake\lib\Cake\Model\Model.php(3053): CakeEventManager->dispatch(Object(CakeEvent))
#9 C:\xampp\htdocs\cake\lib\Cake\Model\Model.php(3033): Model->invalidFields(Array)
#10 C:\xampp\htdocs\cake\lib\Cake\Model\Model.php(1618): Model->validates(Array)
#11 C:\xampp\htdocs\cake\app\Controller\InscricoesController.php(13): Model->save(Array)
#12 [internal function]: InscricoesController->inscrever()
#13 C:\xampp\htdocs\cake\lib\Cake\Controller\Controller.php(482): ReflectionMethod->invokeArgs(Object(InscricoesController), Array)
#14 C:\xampp\htdocs\cake\lib\Cake\Routing\Dispatcher.php(103): Controller->invokeAction(Object(CakeRequest))
#15 C:\xampp\htdocs\cake\lib\Cake\Routing\Dispatcher.php(85): Dispatcher->_invoke(Object(InscricoesController), Object(CakeRequest), Object(CakeResponse))
#16 C:\xampp\htdocs\cake\app\webroot\index.php(96): Dispatcher->dispatch(Object(CakeRequest), Object(CakeResponse))
#17 {main}
2012-04-26 02:15:14 Error: [PDOException] SQLSTATE[42S22]: Column not found: 1054 Unknown column 'Inscricoes.email' in 'where clause'
#0 C:\xampp\htdocs\cake\lib\Cake\Model\Datasource\DboSource.php(437): PDOStatement->execute(Array)
#1 C:\xampp\htdocs\cake\lib\Cake\Model\Datasource\DboSource.php(403): DboSource->_execute('SELECT COUNT(*)...', Array)
#2 C:\xampp\htdocs\cake\lib\Cake\Model\Datasource\DboSource.php(647): DboSource->execute('SELECT COUNT(*)...', Array, Array)
#3 C:\xampp\htdocs\cake\lib\Cake\Model\Datasource\DboSource.php(1058): DboSource->fetchAll('SELECT COUNT(*)...', true)
#4 C:\xampp\htdocs\cake\lib\Cake\Model\Model.php(2663): DboSource->read(Object(Inscricao), Array)
#5 C:\xampp\htdocs\cake\app\Model\Inscricao.php(11): Model->find('count', Array)
#6 [internal function]: Inscricao->beforeValidate(Array)
#7 C:\xampp\htdocs\cake\lib\Cake\Event\CakeEventManager.php(244): call_user_func_array(Array, Array)
#8 C:\xampp\htdocs\cake\lib\Cake\Model\Model.php(3053): CakeEventManager->dispatch(Object(CakeEvent))
#9 C:\xampp\htdocs\cake\lib\Cake\Model\Model.php(3033): Model->invalidFields(Array)
#10 C:\xampp\htdocs\cake\lib\Cake\Model\Model.php(1618): Model->validates(Array)
#11 C:\xampp\htdocs\cake\app\Controller\InscricoesController.php(13): Model->save(Array)
#12 [internal function]: InscricoesController->inscrever()
#13 C:\xampp\htdocs\cake\lib\Cake\Controller\Controller.php(482): ReflectionMethod->invokeArgs(Object(InscricoesController), Array)
#14 C:\xampp\htdocs\cake\lib\Cake\Routing\Dispatcher.php(103): Controller->invokeAction(Object(CakeRequest))
#15 C:\xampp\htdocs\cake\lib\Cake\Routing\Dispatcher.php(85): Dispatcher->_invoke(Object(InscricoesController), Object(CakeRequest), Object(CakeResponse))
#16 C:\xampp\htdocs\cake\app\webroot\index.php(96): Dispatcher->dispatch(Object(CakeRequest), Object(CakeResponse))
#17 {main}
2012-04-26 02:15:43 Error: [PDOException] SQLSTATE[42S22]: Column not found: 1054 Unknown column 'Inscricoes.email' in 'where clause'
#0 C:\xampp\htdocs\cake\lib\Cake\Model\Datasource\DboSource.php(437): PDOStatement->execute(Array)
#1 C:\xampp\htdocs\cake\lib\Cake\Model\Datasource\DboSource.php(403): DboSource->_execute('SELECT COUNT(*)...', Array)
#2 C:\xampp\htdocs\cake\lib\Cake\Model\Datasource\DboSource.php(647): DboSource->execute('SELECT COUNT(*)...', Array, Array)
#3 C:\xampp\htdocs\cake\lib\Cake\Model\Datasource\DboSource.php(1058): DboSource->fetchAll('SELECT COUNT(*)...', true)
#4 C:\xampp\htdocs\cake\lib\Cake\Model\Model.php(2663): DboSource->read(Object(Inscricao), Array)
#5 C:\xampp\htdocs\cake\app\Model\Inscricao.php(11): Model->find('count', Array)
#6 [internal function]: Inscricao->beforeValidate(Array)
#7 C:\xampp\htdocs\cake\lib\Cake\Event\CakeEventManager.php(244): call_user_func_array(Array, Array)
#8 C:\xampp\htdocs\cake\lib\Cake\Model\Model.php(3053): CakeEventManager->dispatch(Object(CakeEvent))
#9 C:\xampp\htdocs\cake\lib\Cake\Model\Model.php(3033): Model->invalidFields(Array)
#10 C:\xampp\htdocs\cake\lib\Cake\Model\Model.php(1618): Model->validates(Array)
#11 C:\xampp\htdocs\cake\app\Controller\InscricoesController.php(13): Model->save(Array)
#12 [internal function]: InscricoesController->inscrever()
#13 C:\xampp\htdocs\cake\lib\Cake\Controller\Controller.php(482): ReflectionMethod->invokeArgs(Object(InscricoesController), Array)
#14 C:\xampp\htdocs\cake\lib\Cake\Routing\Dispatcher.php(103): Controller->invokeAction(Object(CakeRequest))
#15 C:\xampp\htdocs\cake\lib\Cake\Routing\Dispatcher.php(85): Dispatcher->_invoke(Object(InscricoesController), Object(CakeRequest), Object(CakeResponse))
#16 C:\xampp\htdocs\cake\app\webroot\index.php(96): Dispatcher->dispatch(Object(CakeRequest), Object(CakeResponse))
#17 {main}
2012-04-26 02:15:52 Error: [PDOException] SQLSTATE[42S22]: Column not found: 1054 Unknown column 'Inscricoes.email' in 'where clause'
#0 C:\xampp\htdocs\cake\lib\Cake\Model\Datasource\DboSource.php(437): PDOStatement->execute(Array)
#1 C:\xampp\htdocs\cake\lib\Cake\Model\Datasource\DboSource.php(403): DboSource->_execute('SELECT COUNT(*)...', Array)
#2 C:\xampp\htdocs\cake\lib\Cake\Model\Datasource\DboSource.php(647): DboSource->execute('SELECT COUNT(*)...', Array, Array)
#3 C:\xampp\htdocs\cake\lib\Cake\Model\Datasource\DboSource.php(1058): DboSource->fetchAll('SELECT COUNT(*)...', true)
#4 C:\xampp\htdocs\cake\lib\Cake\Model\Model.php(2663): DboSource->read(Object(Inscricao), Array)
#5 C:\xampp\htdocs\cake\app\Model\Inscricao.php(11): Model->find('count', Array)
#6 [internal function]: Inscricao->beforeValidate(Array)
#7 C:\xampp\htdocs\cake\lib\Cake\Event\CakeEventManager.php(244): call_user_func_array(Array, Array)
#8 C:\xampp\htdocs\cake\lib\Cake\Model\Model.php(3053): CakeEventManager->dispatch(Object(CakeEvent))
#9 C:\xampp\htdocs\cake\lib\Cake\Model\Model.php(3033): Model->invalidFields(Array)
#10 C:\xampp\htdocs\cake\lib\Cake\Model\Model.php(1618): Model->validates(Array)
#11 C:\xampp\htdocs\cake\app\Controller\InscricoesController.php(13): Model->save(Array)
#12 [internal function]: InscricoesController->inscrever()
#13 C:\xampp\htdocs\cake\lib\Cake\Controller\Controller.php(482): ReflectionMethod->invokeArgs(Object(InscricoesController), Array)
#14 C:\xampp\htdocs\cake\lib\Cake\Routing\Dispatcher.php(103): Controller->invokeAction(Object(CakeRequest))
#15 C:\xampp\htdocs\cake\lib\Cake\Routing\Dispatcher.php(85): Dispatcher->_invoke(Object(InscricoesController), Object(CakeRequest), Object(CakeResponse))
#16 C:\xampp\htdocs\cake\app\webroot\index.php(96): Dispatcher->dispatch(Object(CakeRequest), Object(CakeResponse))
#17 {main}
2012-04-26 02:15:57 Error: [PDOException] SQLSTATE[42S22]: Column not found: 1054 Unknown column 'Inscricoes.email' in 'where clause'
#0 C:\xampp\htdocs\cake\lib\Cake\Model\Datasource\DboSource.php(437): PDOStatement->execute(Array)
#1 C:\xampp\htdocs\cake\lib\Cake\Model\Datasource\DboSource.php(403): DboSource->_execute('SELECT COUNT(*)...', Array)
#2 C:\xampp\htdocs\cake\lib\Cake\Model\Datasource\DboSource.php(647): DboSource->execute('SELECT COUNT(*)...', Array, Array)
#3 C:\xampp\htdocs\cake\lib\Cake\Model\Datasource\DboSource.php(1058): DboSource->fetchAll('SELECT COUNT(*)...', true)
#4 C:\xampp\htdocs\cake\lib\Cake\Model\Model.php(2663): DboSource->read(Object(Inscricao), Array)
#5 C:\xampp\htdocs\cake\app\Model\Inscricao.php(11): Model->find('count', Array)
#6 [internal function]: Inscricao->beforeValidate(Array)
#7 C:\xampp\htdocs\cake\lib\Cake\Event\CakeEventManager.php(244): call_user_func_array(Array, Array)
#8 C:\xampp\htdocs\cake\lib\Cake\Model\Model.php(3053): CakeEventManager->dispatch(Object(CakeEvent))
#9 C:\xampp\htdocs\cake\lib\Cake\Model\Model.php(3033): Model->invalidFields(Array)
#10 C:\xampp\htdocs\cake\lib\Cake\Model\Model.php(1618): Model->validates(Array)
#11 C:\xampp\htdocs\cake\app\Controller\InscricoesController.php(13): Model->save(Array)
#12 [internal function]: InscricoesController->inscrever()
#13 C:\xampp\htdocs\cake\lib\Cake\Controller\Controller.php(482): ReflectionMethod->invokeArgs(Object(InscricoesController), Array)
#14 C:\xampp\htdocs\cake\lib\Cake\Routing\Dispatcher.php(103): Controller->invokeAction(Object(CakeRequest))
#15 C:\xampp\htdocs\cake\lib\Cake\Routing\Dispatcher.php(85): Dispatcher->_invoke(Object(InscricoesController), Object(CakeRequest), Object(CakeResponse))
#16 C:\xampp\htdocs\cake\app\webroot\index.php(96): Dispatcher->dispatch(Object(CakeRequest), Object(CakeResponse))
#17 {main}
2012-04-26 02:16:12 Error: [PDOException] SQLSTATE[42S22]: Column not found: 1054 Unknown column 'inscricoes.email' in 'where clause'
#0 C:\xampp\htdocs\cake\lib\Cake\Model\Datasource\DboSource.php(437): PDOStatement->execute(Array)
#1 C:\xampp\htdocs\cake\lib\Cake\Model\Datasource\DboSource.php(403): DboSource->_execute('SELECT COUNT(*)...', Array)
#2 C:\xampp\htdocs\cake\lib\Cake\Model\Datasource\DboSource.php(647): DboSource->execute('SELECT COUNT(*)...', Array, Array)
#3 C:\xampp\htdocs\cake\lib\Cake\Model\Datasource\DboSource.php(1058): DboSource->fetchAll('SELECT COUNT(*)...', true)
#4 C:\xampp\htdocs\cake\lib\Cake\Model\Model.php(2663): DboSource->read(Object(Inscricao), Array)
#5 C:\xampp\htdocs\cake\app\Model\Inscricao.php(11): Model->find('count', Array)
#6 [internal function]: Inscricao->beforeValidate(Array)
#7 C:\xampp\htdocs\cake\lib\Cake\Event\CakeEventManager.php(244): call_user_func_array(Array, Array)
#8 C:\xampp\htdocs\cake\lib\Cake\Model\Model.php(3053): CakeEventManager->dispatch(Object(CakeEvent))
#9 C:\xampp\htdocs\cake\lib\Cake\Model\Model.php(3033): Model->invalidFields(Array)
#10 C:\xampp\htdocs\cake\lib\Cake\Model\Model.php(1618): Model->validates(Array)
#11 C:\xampp\htdocs\cake\app\Controller\InscricoesController.php(13): Model->save(Array)
#12 [internal function]: InscricoesController->inscrever()
#13 C:\xampp\htdocs\cake\lib\Cake\Controller\Controller.php(482): ReflectionMethod->invokeArgs(Object(InscricoesController), Array)
#14 C:\xampp\htdocs\cake\lib\Cake\Routing\Dispatcher.php(103): Controller->invokeAction(Object(CakeRequest))
#15 C:\xampp\htdocs\cake\lib\Cake\Routing\Dispatcher.php(85): Dispatcher->_invoke(Object(InscricoesController), Object(CakeRequest), Object(CakeResponse))
#16 C:\xampp\htdocs\cake\app\webroot\index.php(96): Dispatcher->dispatch(Object(CakeRequest), Object(CakeResponse))
#17 {main}
2012-04-26 02:16:15 Error: [PDOException] SQLSTATE[42S22]: Column not found: 1054 Unknown column 'inscricoes.email' in 'where clause'
#0 C:\xampp\htdocs\cake\lib\Cake\Model\Datasource\DboSource.php(437): PDOStatement->execute(Array)
#1 C:\xampp\htdocs\cake\lib\Cake\Model\Datasource\DboSource.php(403): DboSource->_execute('SELECT COUNT(*)...', Array)
#2 C:\xampp\htdocs\cake\lib\Cake\Model\Datasource\DboSource.php(647): DboSource->execute('SELECT COUNT(*)...', Array, Array)
#3 C:\xampp\htdocs\cake\lib\Cake\Model\Datasource\DboSource.php(1058): DboSource->fetchAll('SELECT COUNT(*)...', true)
#4 C:\xampp\htdocs\cake\lib\Cake\Model\Model.php(2663): DboSource->read(Object(Inscricao), Array)
#5 C:\xampp\htdocs\cake\app\Model\Inscricao.php(11): Model->find('count', Array)
#6 [internal function]: Inscricao->beforeValidate(Array)
#7 C:\xampp\htdocs\cake\lib\Cake\Event\CakeEventManager.php(244): call_user_func_array(Array, Array)
#8 C:\xampp\htdocs\cake\lib\Cake\Model\Model.php(3053): CakeEventManager->dispatch(Object(CakeEvent))
#9 C:\xampp\htdocs\cake\lib\Cake\Model\Model.php(3033): Model->invalidFields(Array)
#10 C:\xampp\htdocs\cake\lib\Cake\Model\Model.php(1618): Model->validates(Array)
#11 C:\xampp\htdocs\cake\app\Controller\InscricoesController.php(13): Model->save(Array)
#12 [internal function]: InscricoesController->inscrever()
#13 C:\xampp\htdocs\cake\lib\Cake\Controller\Controller.php(482): ReflectionMethod->invokeArgs(Object(InscricoesController), Array)
#14 C:\xampp\htdocs\cake\lib\Cake\Routing\Dispatcher.php(103): Controller->invokeAction(Object(CakeRequest))
#15 C:\xampp\htdocs\cake\lib\Cake\Routing\Dispatcher.php(85): Dispatcher->_invoke(Object(InscricoesController), Object(CakeRequest), Object(CakeResponse))
#16 C:\xampp\htdocs\cake\app\webroot\index.php(96): Dispatcher->dispatch(Object(CakeRequest), Object(CakeResponse))
#17 {main}
2012-04-26 02:17:27 Error: [PDOException] SQLSTATE[42S22]: Column not found: 1054 Unknown column 'inscricoes.email' in 'where clause'
#0 C:\xampp\htdocs\cake\lib\Cake\Model\Datasource\DboSource.php(437): PDOStatement->execute(Array)
#1 C:\xampp\htdocs\cake\lib\Cake\Model\Datasource\DboSource.php(403): DboSource->_execute('SELECT COUNT(*)...', Array)
#2 C:\xampp\htdocs\cake\lib\Cake\Model\Datasource\DboSource.php(647): DboSource->execute('SELECT COUNT(*)...', Array, Array)
#3 C:\xampp\htdocs\cake\lib\Cake\Model\Datasource\DboSource.php(1058): DboSource->fetchAll('SELECT COUNT(*)...', true)
#4 C:\xampp\htdocs\cake\lib\Cake\Model\Model.php(2663): DboSource->read(Object(Inscricao), Array)
#5 C:\xampp\htdocs\cake\app\Model\Inscricao.php(10): Model->find('count', Array)
#6 [internal function]: Inscricao->beforeValidate(Array)
#7 C:\xampp\htdocs\cake\lib\Cake\Event\CakeEventManager.php(244): call_user_func_array(Array, Array)
#8 C:\xampp\htdocs\cake\lib\Cake\Model\Model.php(3053): CakeEventManager->dispatch(Object(CakeEvent))
#9 C:\xampp\htdocs\cake\lib\Cake\Model\Model.php(3033): Model->invalidFields(Array)
#10 C:\xampp\htdocs\cake\lib\Cake\Model\Model.php(1618): Model->validates(Array)
#11 C:\xampp\htdocs\cake\app\Controller\InscricoesController.php(13): Model->save(Array)
#12 [internal function]: InscricoesController->inscrever()
#13 C:\xampp\htdocs\cake\lib\Cake\Controller\Controller.php(482): ReflectionMethod->invokeArgs(Object(InscricoesController), Array)
#14 C:\xampp\htdocs\cake\lib\Cake\Routing\Dispatcher.php(103): Controller->invokeAction(Object(CakeRequest))
#15 C:\xampp\htdocs\cake\lib\Cake\Routing\Dispatcher.php(85): Dispatcher->_invoke(Object(InscricoesController), Object(CakeRequest), Object(CakeResponse))
#16 C:\xampp\htdocs\cake\app\webroot\index.php(96): Dispatcher->dispatch(Object(CakeRequest), Object(CakeResponse))
#17 {main}
2012-04-26 02:17:32 Error: [PDOException] SQLSTATE[42S22]: Column not found: 1054 Unknown column 'inscricoes.email' in 'where clause'
#0 C:\xampp\htdocs\cake\lib\Cake\Model\Datasource\DboSource.php(437): PDOStatement->execute(Array)
#1 C:\xampp\htdocs\cake\lib\Cake\Model\Datasource\DboSource.php(403): DboSource->_execute('SELECT COUNT(*)...', Array)
#2 C:\xampp\htdocs\cake\lib\Cake\Model\Datasource\DboSource.php(647): DboSource->execute('SELECT COUNT(*)...', Array, Array)
#3 C:\xampp\htdocs\cake\lib\Cake\Model\Datasource\DboSource.php(1058): DboSource->fetchAll('SELECT COUNT(*)...', true)
#4 C:\xampp\htdocs\cake\lib\Cake\Model\Model.php(2663): DboSource->read(Object(Inscricao), Array)
#5 C:\xampp\htdocs\cake\app\Model\Inscricao.php(10): Model->find('count', Array)
#6 [internal function]: Inscricao->beforeValidate(Array)
#7 C:\xampp\htdocs\cake\lib\Cake\Event\CakeEventManager.php(244): call_user_func_array(Array, Array)
#8 C:\xampp\htdocs\cake\lib\Cake\Model\Model.php(3053): CakeEventManager->dispatch(Object(CakeEvent))
#9 C:\xampp\htdocs\cake\lib\Cake\Model\Model.php(3033): Model->invalidFields(Array)
#10 C:\xampp\htdocs\cake\lib\Cake\Model\Model.php(1618): Model->validates(Array)
#11 C:\xampp\htdocs\cake\app\Controller\InscricoesController.php(13): Model->save(Array)
#12 [internal function]: InscricoesController->inscrever()
#13 C:\xampp\htdocs\cake\lib\Cake\Controller\Controller.php(482): ReflectionMethod->invokeArgs(Object(InscricoesController), Array)
#14 C:\xampp\htdocs\cake\lib\Cake\Routing\Dispatcher.php(103): Controller->invokeAction(Object(CakeRequest))
#15 C:\xampp\htdocs\cake\lib\Cake\Routing\Dispatcher.php(85): Dispatcher->_invoke(Object(InscricoesController), Object(CakeRequest), Object(CakeResponse))
#16 C:\xampp\htdocs\cake\app\webroot\index.php(96): Dispatcher->dispatch(Object(CakeRequest), Object(CakeResponse))
#17 {main}
2012-04-26 02:42:08 Error: [MissingViewException] View file "C:\xampp\htdocs\cake\app\View\Pages\inscrevase.ctp" is missing.
#0 C:\xampp\htdocs\cake\lib\Cake\View\View.php(460): View->_getViewFileName('inscrevase')
#1 C:\xampp\htdocs\cake\lib\Cake\Controller\Controller.php(956): View->render('inscrevase', NULL)
#2 C:\xampp\htdocs\cake\app\Controller\PagesController.php(80): Controller->render('inscrevase')
#3 [internal function]: PagesController->display('inscrevase')
#4 C:\xampp\htdocs\cake\lib\Cake\Controller\Controller.php(482): ReflectionMethod->invokeArgs(Object(PagesController), Array)
#5 C:\xampp\htdocs\cake\lib\Cake\Routing\Dispatcher.php(103): Controller->invokeAction(Object(CakeRequest))
#6 C:\xampp\htdocs\cake\lib\Cake\Routing\Dispatcher.php(85): Dispatcher->_invoke(Object(PagesController), Object(CakeRequest), Object(CakeResponse))
#7 C:\xampp\htdocs\cake\app\webroot\index.php(96): Dispatcher->dispatch(Object(CakeRequest), Object(CakeResponse))
#8 {main}
2012-04-26 02:42:30 Error: [MissingViewException] View file "C:\xampp\htdocs\cake\app\View\Pages\inscrevase.ctp" is missing.
#0 C:\xampp\htdocs\cake\lib\Cake\View\View.php(460): View->_getViewFileName('inscrevase')
#1 C:\xampp\htdocs\cake\lib\Cake\Controller\Controller.php(956): View->render('inscrevase', NULL)
#2 C:\xampp\htdocs\cake\app\Controller\PagesController.php(80): Controller->render('inscrevase')
#3 [internal function]: PagesController->display('inscrevase')
#4 C:\xampp\htdocs\cake\lib\Cake\Controller\Controller.php(482): ReflectionMethod->invokeArgs(Object(PagesController), Array)
#5 C:\xampp\htdocs\cake\lib\Cake\Routing\Dispatcher.php(103): Controller->invokeAction(Object(CakeRequest))
#6 C:\xampp\htdocs\cake\lib\Cake\Routing\Dispatcher.php(85): Dispatcher->_invoke(Object(PagesController), Object(CakeRequest), Object(CakeResponse))
#7 C:\xampp\htdocs\cake\app\webroot\index.php(96): Dispatcher->dispatch(Object(CakeRequest), Object(CakeResponse))
#8 {main}
2012-04-26 02:42:41 Error: [MissingActionException] Action InscricoesController::display() could not be found.
#0 C:\xampp\htdocs\cake\lib\Cake\Routing\Dispatcher.php(103): Controller->invokeAction(Object(CakeRequest))
#1 C:\xampp\htdocs\cake\lib\Cake\Routing\Dispatcher.php(85): Dispatcher->_invoke(Object(InscricoesController), Object(CakeRequest), Object(CakeResponse))
#2 C:\xampp\htdocs\cake\app\webroot\index.php(96): Dispatcher->dispatch(Object(CakeRequest), Object(CakeResponse))
#3 {main}
2012-04-26 02:46:23 Error: [MissingViewException] View file "C:\xampp\htdocs\cake\app\View\Inscricoes\veremails.ctp" is missing.
#0 C:\xampp\htdocs\cake\lib\Cake\View\View.php(460): View->_getViewFileName(NULL)
#1 C:\xampp\htdocs\cake\lib\Cake\Controller\Controller.php(956): View->render(NULL, NULL)
#2 C:\xampp\htdocs\cake\lib\Cake\Routing\Dispatcher.php(110): Controller->render()
#3 C:\xampp\htdocs\cake\lib\Cake\Routing\Dispatcher.php(85): Dispatcher->_invoke(Object(InscricoesController), Object(CakeRequest), Object(CakeResponse))
#4 C:\xampp\htdocs\cake\app\webroot\index.php(96): Dispatcher->dispatch(Object(CakeRequest), Object(CakeResponse))
#5 {main}
2012-04-26 02:47:02 Error: [MissingViewException] View file "C:\xampp\htdocs\cake\app\View\Inscricoes\veremails.ctp" is missing.
#0 C:\xampp\htdocs\cake\lib\Cake\View\View.php(460): View->_getViewFileName(NULL)
#1 C:\xampp\htdocs\cake\lib\Cake\Controller\Controller.php(956): View->render(NULL, NULL)
#2 C:\xampp\htdocs\cake\lib\Cake\Routing\Dispatcher.php(110): Controller->render()
#3 C:\xampp\htdocs\cake\lib\Cake\Routing\Dispatcher.php(85): Dispatcher->_invoke(Object(InscricoesController), Object(CakeRequest), Object(CakeResponse))
#4 C:\xampp\htdocs\cake\app\webroot\index.php(96): Dispatcher->dispatch(Object(CakeRequest), Object(CakeResponse))
#5 {main}
2012-05-09 01:54:59 Error: [MissingControllerException] Controller class InscricoesController could not be found.
#0 C:\xampp\htdocs\cake\app\webroot\index.php(96): Dispatcher->dispatch(Object(CakeRequest), Object(CakeResponse))
#1 {main}
2012-05-09 01:57:04 Error: [PDOException] SQLSTATE[23000]: Integrity constraint violation: 1452 Cannot add or update a child row: a foreign key constraint fails (`vanderso_assandosite`.`palestras`, CONSTRAINT `fk_palestras_palestrantes` FOREIGN KEY (`palestrantes_id`) REFERENCES `palestrantes` (`id`) ON DELETE NO ACTION ON UPDATE NO ACTION)
#0 C:\xampp\htdocs\cake\lib\Cake\Model\Datasource\DboSource.php(437): PDOStatement->execute(Array)
#1 C:\xampp\htdocs\cake\lib\Cake\Model\Datasource\DboSource.php(403): DboSource->_execute('INSERT INTO `va...', Array)
#2 C:\xampp\htdocs\cake\lib\Cake\Model\Datasource\DboSource.php(985): DboSource->execute('INSERT INTO `va...')
#3 C:\xampp\htdocs\cake\lib\Cake\Model\Model.php(1705): DboSource->create(Object(Palestra), Array, Array)
#4 C:\xampp\htdocs\cake\app\Controller\PalestrasController.php(13): Model->save(Array)
#5 [internal function]: PalestrasController->inserir()
#6 C:\xampp\htdocs\cake\lib\Cake\Controller\Controller.php(482): ReflectionMethod->invokeArgs(Object(PalestrasController), Array)
#7 C:\xampp\htdocs\cake\lib\Cake\Routing\Dispatcher.php(103): Controller->invokeAction(Object(CakeRequest))
#8 C:\xampp\htdocs\cake\lib\Cake\Routing\Dispatcher.php(85): Dispatcher->_invoke(Object(PalestrasController), Object(CakeRequest), Object(CakeResponse))
#9 C:\xampp\htdocs\cake\app\webroot\index.php(96): Dispatcher->dispatch(Object(CakeRequest), Object(CakeResponse))
#10 {main}
2012-05-09 02:01:02 Error: [PDOException] SQLSTATE[23000]: Integrity constraint violation: 1452 Cannot add or update a child row: a foreign key constraint fails (`vanderso_assandosite`.`palestras`, CONSTRAINT `fk_palestras_palestrantes` FOREIGN KEY (`palestrantes_id`) REFERENCES `palestrantes` (`id`) ON DELETE NO ACTION ON UPDATE NO ACTION)
#0 C:\xampp\htdocs\cake\lib\Cake\Model\Datasource\DboSource.php(437): PDOStatement->execute(Array)
#1 C:\xampp\htdocs\cake\lib\Cake\Model\Datasource\DboSource.php(403): DboSource->_execute('INSERT INTO `va...', Array)
#2 C:\xampp\htdocs\cake\lib\Cake\Model\Datasource\DboSource.php(985): DboSource->execute('INSERT INTO `va...')
#3 C:\xampp\htdocs\cake\lib\Cake\Model\Model.php(1705): DboSource->create(Object(Palestra), Array, Array)
#4 C:\xampp\htdocs\cake\app\Controller\PalestrasController.php(13): Model->save(Array)
#5 [internal function]: PalestrasController->inserir()
#6 C:\xampp\htdocs\cake\lib\Cake\Controller\Controller.php(482): ReflectionMethod->invokeArgs(Object(PalestrasController), Array)
#7 C:\xampp\htdocs\cake\lib\Cake\Routing\Dispatcher.php(103): Controller->invokeAction(Object(CakeRequest))
#8 C:\xampp\htdocs\cake\lib\Cake\Routing\Dispatcher.php(85): Dispatcher->_invoke(Object(PalestrasController), Object(CakeRequest), Object(CakeResponse))
#9 C:\xampp\htdocs\cake\app\webroot\index.php(96): Dispatcher->dispatch(Object(CakeRequest), Object(CakeResponse))
#10 {main}
2012-05-09 02:01:56 Error: [PDOException] SQLSTATE[23000]: Integrity constraint violation: 1452 Cannot add or update a child row: a foreign key constraint fails (`vanderso_assandosite`.`palestras`, CONSTRAINT `fk_palestras_palestrantes` FOREIGN KEY (`palestrantes_id`) REFERENCES `palestrantes` (`id`) ON DELETE NO ACTION ON UPDATE NO ACTION)
#0 C:\xampp\htdocs\cake\lib\Cake\Model\Datasource\DboSource.php(437): PDOStatement->execute(Array)
#1 C:\xampp\htdocs\cake\lib\Cake\Model\Datasource\DboSource.php(403): DboSource->_execute('INSERT INTO `va...', Array)
#2 C:\xampp\htdocs\cake\lib\Cake\Model\Datasource\DboSource.php(985): DboSource->execute('INSERT INTO `va...')
#3 C:\xampp\htdocs\cake\lib\Cake\Model\Model.php(1705): DboSource->create(Object(Palestra), Array, Array)
#4 C:\xampp\htdocs\cake\app\Controller\PalestrasController.php(13): Model->save(Array)
#5 [internal function]: PalestrasController->inserir()
#6 C:\xampp\htdocs\cake\lib\Cake\Controller\Controller.php(482): ReflectionMethod->invokeArgs(Object(PalestrasController), Array)
#7 C:\xampp\htdocs\cake\lib\Cake\Routing\Dispatcher.php(103): Controller->invokeAction(Object(CakeRequest))
#8 C:\xampp\htdocs\cake\lib\Cake\Routing\Dispatcher.php(85): Dispatcher->_invoke(Object(PalestrasController), Object(CakeRequest), Object(CakeResponse))
#9 C:\xampp\htdocs\cake\app\webroot\index.php(96): Dispatcher->dispatch(Object(CakeRequest), Object(CakeResponse))
#10 {main}
2012-05-09 02:06:06 Error: [MissingControllerException] Controller class PalestrasController could not be found.
#0 C:\xampp\htdocs\cake\app\webroot\index.php(96): Dispatcher->dispatch(Object(CakeRequest), Object(CakeResponse))
#1 {main}
2012-05-09 02:11:50 Error: [PDOException] SQLSTATE[23000]: Integrity constraint violation: 1452 Cannot add or update a child row: a foreign key constraint fails (`vanderso_assandosite`.`palestras`, CONSTRAINT `fk_palestras_palestrantes` FOREIGN KEY (`palestrantes_id`) REFERENCES `palestrantes` (`id`) ON DELETE NO ACTION ON UPDATE NO ACTION)
#0 C:\xampp\htdocs\cake\lib\Cake\Model\Datasource\DboSource.php(437): PDOStatement->execute(Array)
#1 C:\xampp\htdocs\cake\lib\Cake\Model\Datasource\DboSource.php(403): DboSource->_execute('INSERT INTO `va...', Array)
#2 C:\xampp\htdocs\cake\lib\Cake\Model\Datasource\DboSource.php(985): DboSource->execute('INSERT INTO `va...')
#3 C:\xampp\htdocs\cake\lib\Cake\Model\Model.php(1705): DboSource->create(Object(Palestra), Array, Array)
#4 C:\xampp\htdocs\cake\app\Controller\PalestrasController.php(13): Model->save(Array)
#5 [internal function]: PalestrasController->inserir()
#6 C:\xampp\htdocs\cake\lib\Cake\Controller\Controller.php(482): ReflectionMethod->invokeArgs(Object(PalestrasController), Array)
#7 C:\xampp\htdocs\cake\lib\Cake\Routing\Dispatcher.php(103): Controller->invokeAction(Object(CakeRequest))
#8 C:\xampp\htdocs\cake\lib\Cake\Routing\Dispatcher.php(85): Dispatcher->_invoke(Object(PalestrasController), Object(CakeRequest), Object(CakeResponse))
#9 C:\xampp\htdocs\cake\app\webroot\index.php(96): Dispatcher->dispatch(Object(CakeRequest), Object(CakeResponse))
#10 {main}
2012-05-09 02:14:47 Error: [PDOException] SQLSTATE[23000]: Integrity constraint violation: 1452 Cannot add or update a child row: a foreign key constraint fails (`vanderso_assandosite`.`palestras`, CONSTRAINT `fk_palestras_palestrantes` FOREIGN KEY (`palestrantes_id`) REFERENCES `palestrantes` (`id`) ON DELETE NO ACTION ON UPDATE NO ACTION)
#0 C:\xampp\htdocs\cake\lib\Cake\Model\Datasource\DboSource.php(437): PDOStatement->execute(Array)
#1 C:\xampp\htdocs\cake\lib\Cake\Model\Datasource\DboSource.php(403): DboSource->_execute('INSERT INTO `va...', Array)
#2 C:\xampp\htdocs\cake\lib\Cake\Model\Datasource\DboSource.php(985): DboSource->execute('INSERT INTO `va...')
#3 C:\xampp\htdocs\cake\lib\Cake\Model\Model.php(1705): DboSource->create(Object(Palestra), Array, Array)
#4 C:\xampp\htdocs\cake\app\Controller\PalestrasController.php(13): Model->save(Array)
#5 [internal function]: PalestrasController->inserir()
#6 C:\xampp\htdocs\cake\lib\Cake\Controller\Controller.php(482): ReflectionMethod->invokeArgs(Object(PalestrasController), Array)
#7 C:\xampp\htdocs\cake\lib\Cake\Routing\Dispatcher.php(103): Controller->invokeAction(Object(CakeRequest))
#8 C:\xampp\htdocs\cake\lib\Cake\Routing\Dispatcher.php(85): Dispatcher->_invoke(Object(PalestrasController), Object(CakeRequest), Object(CakeResponse))
#9 C:\xampp\htdocs\cake\app\webroot\index.php(96): Dispatcher->dispatch(Object(CakeRequest), Object(CakeResponse))
#10 {main}
2012-05-09 02:15:16 Error: [PDOException] SQLSTATE[23000]: Integrity constraint violation: 1452 Cannot add or update a child row: a foreign key constraint fails (`vanderso_assandosite`.`palestras`, CONSTRAINT `fk_palestras_palestrantes` FOREIGN KEY (`palestrantes_id`) REFERENCES `palestrantes` (`id`) ON DELETE NO ACTION ON UPDATE NO ACTION)
#0 C:\xampp\htdocs\cake\lib\Cake\Model\Datasource\DboSource.php(437): PDOStatement->execute(Array)
#1 C:\xampp\htdocs\cake\lib\Cake\Model\Datasource\DboSource.php(403): DboSource->_execute('INSERT INTO `va...', Array)
#2 C:\xampp\htdocs\cake\lib\Cake\Model\Datasource\DboSource.php(985): DboSource->execute('INSERT INTO `va...')
#3 C:\xampp\htdocs\cake\lib\Cake\Model\Model.php(1705): DboSource->create(Object(Palestra), Array, Array)
#4 C:\xampp\htdocs\cake\app\Controller\PalestrasController.php(13): Model->save(Array)
#5 [internal function]: PalestrasController->inserir()
#6 C:\xampp\htdocs\cake\lib\Cake\Controller\Controller.php(482): ReflectionMethod->invokeArgs(Object(PalestrasController), Array)
#7 C:\xampp\htdocs\cake\lib\Cake\Routing\Dispatcher.php(103): Controller->invokeAction(Object(CakeRequest))
#8 C:\xampp\htdocs\cake\lib\Cake\Routing\Dispatcher.php(85): Dispatcher->_invoke(Object(PalestrasController), Object(CakeRequest), Object(CakeResponse))
#9 C:\xampp\htdocs\cake\app\webroot\index.php(96): Dispatcher->dispatch(Object(CakeRequest), Object(CakeResponse))
#10 {main}
2012-05-09 02:16:54 Error: [PDOException] SQLSTATE[23000]: Integrity constraint violation: 1452 Cannot add or update a child row: a foreign key constraint fails (`vanderso_assandosite`.`palestras`, CONSTRAINT `fk_palestras_palestrantes` FOREIGN KEY (`palestrantes_id`) REFERENCES `palestrantes` (`id`) ON DELETE NO ACTION ON UPDATE NO ACTION)
#0 C:\xampp\htdocs\cake\lib\Cake\Model\Datasource\DboSource.php(437): PDOStatement->execute(Array)
#1 C:\xampp\htdocs\cake\lib\Cake\Model\Datasource\DboSource.php(403): DboSource->_execute('INSERT INTO `va...', Array)
#2 C:\xampp\htdocs\cake\lib\Cake\Model\Datasource\DboSource.php(985): DboSource->execute('INSERT INTO `va...')
#3 C:\xampp\htdocs\cake\lib\Cake\Model\Model.php(1705): DboSource->create(Object(Palestra), Array, Array)
#4 C:\xampp\htdocs\cake\app\Controller\PalestrasController.php(13): Model->save(Array)
#5 [internal function]: PalestrasController->inserir()
#6 C:\xampp\htdocs\cake\lib\Cake\Controller\Controller.php(482): ReflectionMethod->invokeArgs(Object(PalestrasController), Array)
#7 C:\xampp\htdocs\cake\lib\Cake\Routing\Dispatcher.php(103): Controller->invokeAction(Object(CakeRequest))
#8 C:\xampp\htdocs\cake\lib\Cake\Routing\Dispatcher.php(85): Dispatcher->_invoke(Object(PalestrasController), Object(CakeRequest), Object(CakeResponse))
#9 C:\xampp\htdocs\cake\app\webroot\index.php(96): Dispatcher->dispatch(Object(CakeRequest), Object(CakeResponse))
#10 {main}
2012-05-09 02:19:29 Error: [PDOException] SQLSTATE[23000]: Integrity constraint violation: 1452 Cannot add or update a child row: a foreign key constraint fails (`vanderso_assandosite`.`palestras`, CONSTRAINT `fk_palestras_palestrantes` FOREIGN KEY (`palestrantes_id`) REFERENCES `palestrantes` (`id`) ON DELETE NO ACTION ON UPDATE NO ACTION)
#0 C:\xampp\htdocs\cake\lib\Cake\Model\Datasource\DboSource.php(437): PDOStatement->execute(Array)
#1 C:\xampp\htdocs\cake\lib\Cake\Model\Datasource\DboSource.php(403): DboSource->_execute('INSERT INTO `va...', Array)
#2 C:\xampp\htdocs\cake\lib\Cake\Model\Datasource\DboSource.php(985): DboSource->execute('INSERT INTO `va...')
#3 C:\xampp\htdocs\cake\lib\Cake\Model\Model.php(1705): DboSource->create(Object(Palestra), Array, Array)
#4 C:\xampp\htdocs\cake\app\Controller\PalestrasController.php(13): Model->save(Array)
#5 [internal function]: PalestrasController->inserir()
#6 C:\xampp\htdocs\cake\lib\Cake\Controller\Controller.php(482): ReflectionMethod->invokeArgs(Object(PalestrasController), Array)
#7 C:\xampp\htdocs\cake\lib\Cake\Routing\Dispatcher.php(103): Controller->invokeAction(Object(CakeRequest))
#8 C:\xampp\htdocs\cake\lib\Cake\Routing\Dispatcher.php(85): Dispatcher->_invoke(Object(PalestrasController), Object(CakeRequest), Object(CakeResponse))
#9 C:\xampp\htdocs\cake\app\webroot\index.php(96): Dispatcher->dispatch(Object(CakeRequest), Object(CakeResponse))
#10 {main}
2012-05-09 02:20:00 Error: [PDOException] SQLSTATE[23000]: Integrity constraint violation: 1452 Cannot add or update a child row: a foreign key constraint fails (`vanderso_assandosite`.`palestras`, CONSTRAINT `fk_palestras_palestrantes` FOREIGN KEY (`palestrantes_id`) REFERENCES `palestrantes` (`id`) ON DELETE NO ACTION ON UPDATE NO ACTION)
#0 C:\xampp\htdocs\cake\lib\Cake\Model\Datasource\DboSource.php(437): PDOStatement->execute(Array)
#1 C:\xampp\htdocs\cake\lib\Cake\Model\Datasource\DboSource.php(403): DboSource->_execute('INSERT INTO `va...', Array)
#2 C:\xampp\htdocs\cake\lib\Cake\Model\Datasource\DboSource.php(985): DboSource->execute('INSERT INTO `va...')
#3 C:\xampp\htdocs\cake\lib\Cake\Model\Model.php(1705): DboSource->create(Object(Palestra), Array, Array)
#4 C:\xampp\htdocs\cake\app\Controller\PalestrasController.php(13): Model->save(Array)
#5 [internal function]: PalestrasController->inserir()
#6 C:\xampp\htdocs\cake\lib\Cake\Controller\Controller.php(482): ReflectionMethod->invokeArgs(Object(PalestrasController), Array)
#7 C:\xampp\htdocs\cake\lib\Cake\Routing\Dispatcher.php(103): Controller->invokeAction(Object(CakeRequest))
#8 C:\xampp\htdocs\cake\lib\Cake\Routing\Dispatcher.php(85): Dispatcher->_invoke(Object(PalestrasController), Object(CakeRequest), Object(CakeResponse))
#9 C:\xampp\htdocs\cake\app\webroot\index.php(96): Dispatcher->dispatch(Object(CakeRequest), Object(CakeResponse))
#10 {main}
2012-05-09 02:21:57 Error: [PDOException] SQLSTATE[23000]: Integrity constraint violation: 1452 Cannot add or update a child row: a foreign key constraint fails (`vanderso_assandosite`.`palestras`, CONSTRAINT `fk_palestras_palestrantes` FOREIGN KEY (`palestrantes_id`) REFERENCES `palestrantes` (`id`) ON DELETE NO ACTION ON UPDATE NO ACTION)
#0 C:\xampp\htdocs\cake\lib\Cake\Model\Datasource\DboSource.php(437): PDOStatement->execute(Array)
#1 C:\xampp\htdocs\cake\lib\Cake\Model\Datasource\DboSource.php(403): DboSource->_execute('INSERT INTO `va...', Array)
#2 C:\xampp\htdocs\cake\lib\Cake\Model\Datasource\DboSource.php(985): DboSource->execute('INSERT INTO `va...')
#3 C:\xampp\htdocs\cake\lib\Cake\Model\Model.php(1705): DboSource->create(Object(Palestra), Array, Array)
#4 C:\xampp\htdocs\cake\app\Controller\PalestrasController.php(13): Model->save(Array)
#5 [internal function]: PalestrasController->inserir()
#6 C:\xampp\htdocs\cake\lib\Cake\Controller\Controller.php(482): ReflectionMethod->invokeArgs(Object(PalestrasController), Array)
#7 C:\xampp\htdocs\cake\lib\Cake\Routing\Dispatcher.php(103): Controller->invokeAction(Object(CakeRequest))
#8 C:\xampp\htdocs\cake\lib\Cake\Routing\Dispatcher.php(85): Dispatcher->_invoke(Object(PalestrasController), Object(CakeRequest), Object(CakeResponse))
#9 C:\xampp\htdocs\cake\app\webroot\index.php(96): Dispatcher->dispatch(Object(CakeRequest), Object(CakeResponse))
#10 {main}
2012-05-09 02:22:55 Error: [PDOException] SQLSTATE[23000]: Integrity constraint violation: 1452 Cannot add or update a child row: a foreign key constraint fails (`vanderso_assandosite`.`palestras`, CONSTRAINT `fk_palestras_palestrantes` FOREIGN KEY (`palestrantes_id`) REFERENCES `palestrantes` (`id`) ON DELETE NO ACTION ON UPDATE NO ACTION)
#0 C:\xampp\htdocs\cake\lib\Cake\Model\Datasource\DboSource.php(437): PDOStatement->execute(Array)
#1 C:\xampp\htdocs\cake\lib\Cake\Model\Datasource\DboSource.php(403): DboSource->_execute('INSERT INTO `va...', Array)
#2 C:\xampp\htdocs\cake\lib\Cake\Model\Datasource\DboSource.php(985): DboSource->execute('INSERT INTO `va...')
#3 C:\xampp\htdocs\cake\lib\Cake\Model\Model.php(1705): DboSource->create(Object(Palestra), Array, Array)
#4 C:\xampp\htdocs\cake\app\Controller\PalestrasController.php(13): Model->save(Array)
#5 [internal function]: PalestrasController->inserir()
#6 C:\xampp\htdocs\cake\lib\Cake\Controller\Controller.php(482): ReflectionMethod->invokeArgs(Object(PalestrasController), Array)
#7 C:\xampp\htdocs\cake\lib\Cake\Routing\Dispatcher.php(103): Controller->invokeAction(Object(CakeRequest))
#8 C:\xampp\htdocs\cake\lib\Cake\Routing\Dispatcher.php(85): Dispatcher->_invoke(Object(PalestrasController), Object(CakeRequest), Object(CakeResponse))
#9 C:\xampp\htdocs\cake\app\webroot\index.php(96): Dispatcher->dispatch(Object(CakeRequest), Object(CakeResponse))
#10 {main}
2012-05-09 02:23:55 Error: [PDOException] SQLSTATE[23000]: Integrity constraint violation: 1452 Cannot add or update a child row: a foreign key constraint fails (`vanderso_assandosite`.`palestras`, CONSTRAINT `fk_palestras_palestrantes` FOREIGN KEY (`palestrantes_id`) REFERENCES `palestrantes` (`id`) ON DELETE NO ACTION ON UPDATE NO ACTION)
#0 C:\xampp\htdocs\cake\lib\Cake\Model\Datasource\DboSource.php(437): PDOStatement->execute(Array)
#1 C:\xampp\htdocs\cake\lib\Cake\Model\Datasource\DboSource.php(403): DboSource->_execute('INSERT INTO `va...', Array)
#2 C:\xampp\htdocs\cake\lib\Cake\Model\Datasource\DboSource.php(985): DboSource->execute('INSERT INTO `va...')
#3 C:\xampp\htdocs\cake\lib\Cake\Model\Model.php(1705): DboSource->create(Object(Palestra), Array, Array)
#4 C:\xampp\htdocs\cake\app\Controller\PalestrasController.php(11): Model->save(Array)
#5 [internal function]: PalestrasController->inserir()
#6 C:\xampp\htdocs\cake\lib\Cake\Controller\Controller.php(482): ReflectionMethod->invokeArgs(Object(PalestrasController), Array)
#7 C:\xampp\htdocs\cake\lib\Cake\Routing\Dispatcher.php(103): Controller->invokeAction(Object(CakeRequest))
#8 C:\xampp\htdocs\cake\lib\Cake\Routing\Dispatcher.php(85): Dispatcher->_invoke(Object(PalestrasController), Object(CakeRequest), Object(CakeResponse))
#9 C:\xampp\htdocs\cake\app\webroot\index.php(96): Dispatcher->dispatch(Object(CakeRequest), Object(CakeResponse))
#10 {main}
2012-05-09 02:24:30 Error: [PDOException] SQLSTATE[23000]: Integrity constraint violation: 1452 Cannot add or update a child row: a foreign key constraint fails (`vanderso_assandosite`.`palestras`, CONSTRAINT `fk_palestras_palestrantes` FOREIGN KEY (`palestrantes_id`) REFERENCES `palestrantes` (`id`) ON DELETE NO ACTION ON UPDATE NO ACTION)
#0 C:\xampp\htdocs\cake\lib\Cake\Model\Datasource\DboSource.php(437): PDOStatement->execute(Array)
#1 C:\xampp\htdocs\cake\lib\Cake\Model\Datasource\DboSource.php(403): DboSource->_execute('INSERT INTO `va...', Array)
#2 C:\xampp\htdocs\cake\lib\Cake\Model\Datasource\DboSource.php(985): DboSource->execute('INSERT INTO `va...')
#3 C:\xampp\htdocs\cake\lib\Cake\Model\Model.php(1705): DboSource->create(Object(Palestra), Array, Array)
#4 C:\xampp\htdocs\cake\app\Controller\PalestrasController.php(11): Model->save(Array)
#5 [internal function]: PalestrasController->inserir()
#6 C:\xampp\htdocs\cake\lib\Cake\Controller\Controller.php(482): ReflectionMethod->invokeArgs(Object(PalestrasController), Array)
#7 C:\xampp\htdocs\cake\lib\Cake\Routing\Dispatcher.php(103): Controller->invokeAction(Object(CakeRequest))
#8 C:\xampp\htdocs\cake\lib\Cake\Routing\Dispatcher.php(85): Dispatcher->_invoke(Object(PalestrasController), Object(CakeRequest), Object(CakeResponse))
#9 C:\xampp\htdocs\cake\app\webroot\index.php(96): Dispatcher->dispatch(Object(CakeRequest), Object(CakeResponse))
#10 {main}
2012-05-09 02:24:33 Error: [PDOException] SQLSTATE[23000]: Integrity constraint violation: 1452 Cannot add or update a child row: a foreign key constraint fails (`vanderso_assandosite`.`palestras`, CONSTRAINT `fk_palestras_palestrantes` FOREIGN KEY (`palestrantes_id`) REFERENCES `palestrantes` (`id`) ON DELETE NO ACTION ON UPDATE NO ACTION)
#0 C:\xampp\htdocs\cake\lib\Cake\Model\Datasource\DboSource.php(437): PDOStatement->execute(Array)
#1 C:\xampp\htdocs\cake\lib\Cake\Model\Datasource\DboSource.php(403): DboSource->_execute('INSERT INTO `va...', Array)
#2 C:\xampp\htdocs\cake\lib\Cake\Model\Datasource\DboSource.php(985): DboSource->execute('INSERT INTO `va...')
#3 C:\xampp\htdocs\cake\lib\Cake\Model\Model.php(1705): DboSource->create(Object(Palestra), Array, Array)
#4 C:\xampp\htdocs\cake\app\Controller\PalestrasController.php(11): Model->save(Array)
#5 [internal function]: PalestrasController->inserir()
#6 C:\xampp\htdocs\cake\lib\Cake\Controller\Controller.php(482): ReflectionMethod->invokeArgs(Object(PalestrasController), Array)
#7 C:\xampp\htdocs\cake\lib\Cake\Routing\Dispatcher.php(103): Controller->invokeAction(Object(CakeRequest))
#8 C:\xampp\htdocs\cake\lib\Cake\Routing\Dispatcher.php(85): Dispatcher->_invoke(Object(PalestrasController), Object(CakeRequest), Object(CakeResponse))
#9 C:\xampp\htdocs\cake\app\webroot\index.php(96): Dispatcher->dispatch(Object(CakeRequest), Object(CakeResponse))
#10 {main}
2012-05-09 02:25:34 Error: [PDOException] SQLSTATE[23000]: Integrity constraint violation: 1452 Cannot add or update a child row: a foreign key constraint fails (`vanderso_assandosite`.`palestras`, CONSTRAINT `fk_palestras_palestrantes` FOREIGN KEY (`palestrantes_id`) REFERENCES `palestrantes` (`id`) ON DELETE NO ACTION ON UPDATE NO ACTION)
#0 C:\xampp\htdocs\cake\lib\Cake\Model\Datasource\DboSource.php(437): PDOStatement->execute(Array)
#1 C:\xampp\htdocs\cake\lib\Cake\Model\Datasource\DboSource.php(403): DboSource->_execute('INSERT INTO `va...', Array)
#2 C:\xampp\htdocs\cake\lib\Cake\Model\Datasource\DboSource.php(985): DboSource->execute('INSERT INTO `va...')
#3 C:\xampp\htdocs\cake\lib\Cake\Model\Model.php(1705): DboSource->create(Object(Palestra), Array, Array)
#4 C:\xampp\htdocs\cake\app\Controller\PalestrasController.php(11): Model->save(Array)
#5 [internal function]: PalestrasController->inserir()
#6 C:\xampp\htdocs\cake\lib\Cake\Controller\Controller.php(482): ReflectionMethod->invokeArgs(Object(PalestrasController), Array)
#7 C:\xampp\htdocs\cake\lib\Cake\Routing\Dispatcher.php(103): Controller->invokeAction(Object(CakeRequest))
#8 C:\xampp\htdocs\cake\lib\Cake\Routing\Dispatcher.php(85): Dispatcher->_invoke(Object(PalestrasController), Object(CakeRequest), Object(CakeResponse))
#9 C:\xampp\htdocs\cake\app\webroot\index.php(96): Dispatcher->dispatch(Object(CakeRequest), Object(CakeResponse))
#10 {main}
2012-05-09 02:28:47 Error: [PDOException] SQLSTATE[23000]: Integrity constraint violation: 1452 Cannot add or update a child row: a foreign key constraint fails (`vanderso_assandosite`.`palestras`, CONSTRAINT `fk_palestras_palestrantes` FOREIGN KEY (`palestrantes_id`) REFERENCES `palestrantes` (`id`) ON DELETE NO ACTION ON UPDATE NO ACTION)
#0 C:\xampp\htdocs\cake\lib\Cake\Model\Datasource\DboSource.php(437): PDOStatement->execute(Array)
#1 C:\xampp\htdocs\cake\lib\Cake\Model\Datasource\DboSource.php(403): DboSource->_execute('INSERT INTO `va...', Array)
#2 C:\xampp\htdocs\cake\lib\Cake\Model\Datasource\DboSource.php(985): DboSource->execute('INSERT INTO `va...')
#3 C:\xampp\htdocs\cake\lib\Cake\Model\Model.php(1705): DboSource->create(Object(Palestra), Array, Array)
#4 C:\xampp\htdocs\cake\app\Controller\PalestrasController.php(11): Model->save(Array)
#5 [internal function]: PalestrasController->inserir()
#6 C:\xampp\htdocs\cake\lib\Cake\Controller\Controller.php(482): ReflectionMethod->invokeArgs(Object(PalestrasController), Array)
#7 C:\xampp\htdocs\cake\lib\Cake\Routing\Dispatcher.php(103): Controller->invokeAction(Object(CakeRequest))
#8 C:\xampp\htdocs\cake\lib\Cake\Routing\Dispatcher.php(85): Dispatcher->_invoke(Object(PalestrasController), Object(CakeRequest), Object(CakeResponse))
#9 C:\xampp\htdocs\cake\app\webroot\index.php(96): Dispatcher->dispatch(Object(CakeRequest), Object(CakeResponse))
#10 {main}
2012-05-09 02:41:04 Error: [PDOException] SQLSTATE[23000]: Integrity constraint violation: 1452 Cannot add or update a child row: a foreign key constraint fails (`vanderso_assandosite`.`palestras`, CONSTRAINT `fk_palestras_palestrantes` FOREIGN KEY (`palestrantes_id`) REFERENCES `palestrantes` (`id`) ON DELETE NO ACTION ON UPDATE NO ACTION)
#0 C:\xampp\htdocs\cake\lib\Cake\Model\Datasource\DboSource.php(437): PDOStatement->execute(Array)
#1 C:\xampp\htdocs\cake\lib\Cake\Model\Datasource\DboSource.php(403): DboSource->_execute('INSERT INTO `va...', Array)
#2 C:\xampp\htdocs\cake\lib\Cake\Model\Datasource\DboSource.php(985): DboSource->execute('INSERT INTO `va...')
#3 C:\xampp\htdocs\cake\lib\Cake\Model\Model.php(1705): DboSource->create(Object(Palestra), Array, Array)
#4 C:\xampp\htdocs\cake\app\Controller\PalestrasController.php(11): Model->save(Array)
#5 [internal function]: PalestrasController->inserir()
#6 C:\xampp\htdocs\cake\lib\Cake\Controller\Controller.php(482): ReflectionMethod->invokeArgs(Object(PalestrasController), Array)
#7 C:\xampp\htdocs\cake\lib\Cake\Routing\Dispatcher.php(103): Controller->invokeAction(Object(CakeRequest))
#8 C:\xampp\htdocs\cake\lib\Cake\Routing\Dispatcher.php(85): Dispatcher->_invoke(Object(PalestrasController), Object(CakeRequest), Object(CakeResponse))
#9 C:\xampp\htdocs\cake\app\webroot\index.php(96): Dispatcher->dispatch(Object(CakeRequest), Object(CakeResponse))
#10 {main}
